This file contains any messages produced by compilers while
running configure, to aid debugging if configure makes a mistake.

It was created by Sfold configure 2.1, which was
generated by GNU Autoconf 2.65.  Invocation command line was

  $ ./configure 

## --------- ##
## Platform. ##
## --------- ##

hostname = ubuntu
uname -m = x86_64
uname -r = 4.4.0-21-generic
uname -s = Linux
uname -v = #37-Ubuntu SMP Mon Apr 18 18:33:37 UTC 2016

/usr/bin/uname -p = unknown
/bin/uname -X     = unknown

/bin/arch              = unknown
/usr/bin/arch -k       = unknown
/usr/convex/getsysinfo = unknown
/usr/bin/hostinfo      = unknown
/bin/machine           = unknown
/usr/bin/oslevel       = unknown
/bin/universe          = unknown

PATH: /usr/local/sbin
PATH: /usr/local/bin
PATH: /usr/sbin
PATH: /usr/bin
PATH: /sbin
PATH: /bin
PATH: /usr/games
PATH: /usr/local/games
PATH: /snap/bin


## ----------- ##
## Core tests. ##
## ----------- ##

configure:2130: checking for awk
configure:2149: found /usr/bin/awk
configure:2161: result: /usr/bin/awk
configure:2171: checking for grep
configure:2190: found /bin/grep
configure:2202: result: /bin/grep
configure:2212: checking for perl
configure:2231: found /usr/bin/perl
configure:2243: result: /usr/bin/perl
configure:2253: checking for R
configure:2272: found /usr/bin/R
configure:2284: result: /usr/bin/R
configure:2350: checking for gcc
configure:2366: found /usr/bin/gcc
configure:2377: result: gcc
configure:2606: checking for C compiler version
configure:2615: gcc --version >&5
gcc (Ubuntu 5.3.1-14ubuntu2.1) 5.3.1 20160413
Copyright (C) 2015 Free Software Foundation, Inc.
This is free software; see the source for copying conditions.  There is NO
warranty; not even for MERCHANTABILITY or FITNESS FOR A PARTICULAR PURPOSE.

configure:2626: $? = 0
configure:2615: gcc -v >&5
Using built-in specs.
COLLECT_GCC=gcc
COLLECT_LTO_WRAPPER=/usr/lib/gcc/x86_64-linux-gnu/5/lto-wrapper
Target: x86_64-linux-gnu
Configured with: ../src/configure -v --with-pkgversion='Ubuntu 5.3.1-14ubuntu2.1' --with-bugurl=file:///usr/share/doc/gcc-5/README.Bugs --enable-languages=c,ada,c++,java,go,d,fortran,objc,obj-c++ --prefix=/usr --program-suffix=-5 --enable-shared --enable-linker-build-id --libexecdir=/usr/lib --without-included-gettext --enable-threads=posix --libdir=/usr/lib --enable-nls --with-sysroot=/ --enable-clocale=gnu --enable-libstdcxx-debug --enable-libstdcxx-time=yes --with-default-libstdcxx-abi=new --enable-gnu-unique-object --disable-vtable-verify --enable-libmpx --enable-plugin --with-system-zlib --disable-browser-plugin --enable-java-awt=gtk --enable-gtk-cairo --with-java-home=/usr/lib/jvm/java-1.5.0-gcj-5-amd64/jre --enable-java-home --with-jvm-root-dir=/usr/lib/jvm/java-1.5.0-gcj-5-amd64 --with-jvm-jar-dir=/usr/lib/jvm-exports/java-1.5.0-gcj-5-amd64 --with-arch-directory=amd64 --with-ecj-jar=/usr/share/java/eclipse-ecj.jar --enable-objc-gc --enable-multiarch --disable-werror --with-arch-32=i686 --with-abi=m64 --with-multilib-list=m32,m64,mx32 --enable-multilib --with-tune=generic --enable-checking=release --build=x86_64-linux-gnu --host=x86_64-linux-gnu --target=x86_64-linux-gnu
Thread model: posix
gcc version 5.3.1 20160413 (Ubuntu 5.3.1-14ubuntu2.1) 
configure:2626: $? = 0
configure:2615: gcc -V >&5
gcc: error: unrecognized command line option '-V'
gcc: fatal error: no input files
compilation terminated.
configure:2626: $? = 1
configure:2615: gcc -qversion >&5
gcc: error: unrecognized command line option '-qversion'
gcc: fatal error: no input files
compilation terminated.
configure:2626: $? = 1
configure:2646: checking whether the C compiler works
configure:2668: gcc    -L/home/jbeeahn/Documents/sfold-2.2/lib conftest.c  >&5
configure:2672: $? = 0
configure:2721: result: yes
configure:2724: checking for C compiler default output file name
configure:2726: result: a.out
configure:2732: checking for suffix of executables
configure:2739: gcc -o conftest    -L/home/jbeeahn/Documents/sfold-2.2/lib conftest.c  >&5
configure:2743: $? = 0
configure:2765: result: 
configure:2787: checking whether we are cross compiling
configure:2795: gcc -o conftest    -L/home/jbeeahn/Documents/sfold-2.2/lib conftest.c  >&5
configure:2799: $? = 0
configure:2806: ./conftest
configure:2810: $? = 0
configure:2825: result: no
configure:2830: checking for suffix of object files
configure:2852: gcc -c   conftest.c >&5
configure:2856: $? = 0
configure:2877: result: o
configure:2881: checking whether we are using the GNU C compiler
configure:2900: gcc -c   conftest.c >&5
configure:2900: $? = 0
configure:2909: result: yes
configure:2918: checking whether gcc accepts -g
configure:2938: gcc -c -g  conftest.c >&5
configure:2938: $? = 0
configure:2979: result: yes
configure:2996: checking for gcc option to accept ISO C89
configure:3060: gcc  -c -g -O2  conftest.c >&5
configure:3060: $? = 0
configure:3073: result: none needed
configure:3099: checking how to run the C preprocessor
configure:3130: gcc -E  conftest.c
configure:3130: $? = 0
configure:3144: gcc -E  conftest.c
conftest.c:9:28: fatal error: ac_nonexistent.h: No such file or directory
compilation terminated.
configure:3144: $? = 1
configure: failed program was:
| /* confdefs.h */
| #define PACKAGE_NAME "Sfold"
| #define PACKAGE_TARNAME "sfold"
| #define PACKAGE_VERSION "2.1"
| #define PACKAGE_STRING "Sfold 2.1"
| #define PACKAGE_BUGREPORT "http://sfold.wadsworth.org"
| #define PACKAGE_URL ""
| /* end confdefs.h.  */
| #include <ac_nonexistent.h>
configure:3169: result: gcc -E
configure:3189: gcc -E  conftest.c
configure:3189: $? = 0
configure:3203: gcc -E  conftest.c
conftest.c:9:28: fatal error: ac_nonexistent.h: No such file or directory
compilation terminated.
configure:3203: $? = 1
configure: failed program was:
| /* confdefs.h */
| #define PACKAGE_NAME "Sfold"
| #define PACKAGE_TARNAME "sfold"
| #define PACKAGE_VERSION "2.1"
| #define PACKAGE_STRING "Sfold 2.1"
| #define PACKAGE_BUGREPORT "http://sfold.wadsworth.org"
| #define PACKAGE_URL ""
| /* end confdefs.h.  */
| #include <ac_nonexistent.h>
configure:3232: checking for grep that handles long lines and -e
configure:3290: result: /bin/grep
configure:3295: checking for egrep
configure:3357: result: /bin/grep -E
configure:3362: checking for ANSI C header files
configure:3382: gcc -c -g -O2  conftest.c >&5
configure:3382: $? = 0
configure:3455: gcc -o conftest -g -O2   -L/home/jbeeahn/Documents/sfold-2.2/lib conftest.c  >&5
configure:3455: $? = 0
configure:3455: ./conftest
configure:3455: $? = 0
configure:3466: result: yes
configure:3479: checking for sys/types.h
configure:3479: gcc -c -g -O2  conftest.c >&5
configure:3479: $? = 0
configure:3479: result: yes
configure:3479: checking for sys/stat.h
configure:3479: gcc -c -g -O2  conftest.c >&5
configure:3479: $? = 0
configure:3479: result: yes
configure:3479: checking for stdlib.h
configure:3479: gcc -c -g -O2  conftest.c >&5
configure:3479: $? = 0
configure:3479: result: yes
configure:3479: checking for string.h
configure:3479: gcc -c -g -O2  conftest.c >&5
configure:3479: $? = 0
configure:3479: result: yes
configure:3479: checking for memory.h
configure:3479: gcc -c -g -O2  conftest.c >&5
configure:3479: $? = 0
configure:3479: result: yes
configure:3479: checking for strings.h
configure:3479: gcc -c -g -O2  conftest.c >&5
configure:3479: $? = 0
configure:3479: result: yes
configure:3479: checking for inttypes.h
configure:3479: gcc -c -g -O2  conftest.c >&5
configure:3479: $? = 0
configure:3479: result: yes
configure:3479: checking for stdint.h
configure:3479: gcc -c -g -O2  conftest.c >&5
configure:3479: $? = 0
configure:3479: result: yes
configure:3479: checking for unistd.h
configure:3479: gcc -c -g -O2  conftest.c >&5
configure:3479: $? = 0
configure:3479: result: yes
configure:3495: checking for stdlib.h
configure:3495: result: yes
configure:3495: checking for string.h
configure:3495: result: yes
configure:3495: checking for unistd.h
configure:3495: result: yes
configure:3508: checking for size_t
configure:3508: gcc -c -g -O2  conftest.c >&5
configure:3508: $? = 0
configure:3508: gcc -c -g -O2  conftest.c >&5
conftest.c: In function 'main':
conftest.c:58:21: error: expected expression before ')' token
 if (sizeof ((size_t)))
                     ^
configure:3508: $? = 1
configure: failed program was:
| /* confdefs.h */
| #define PACKAGE_NAME "Sfold"
| #define PACKAGE_TARNAME "sfold"
| #define PACKAGE_VERSION "2.1"
| #define PACKAGE_STRING "Sfold 2.1"
| #define PACKAGE_BUGREPORT "http://sfold.wadsworth.org"
| #define PACKAGE_URL ""
| #define STDC_HEADERS 1
| #define HAVE_SYS_TYPES_H 1
| #define HAVE_SYS_STAT_H 1
| #define HAVE_STDLIB_H 1
| #define HAVE_STRING_H 1
| #define HAVE_MEMORY_H 1
| #define HAVE_STRINGS_H 1
| #define HAVE_INTTYPES_H 1
| #define HAVE_STDINT_H 1
| #define HAVE_UNISTD_H 1
| #define HAVE_STDLIB_H 1
| #define HAVE_STRING_H 1
| #define HAVE_UNISTD_H 1
| /* end confdefs.h.  */
| #include <stdio.h>
| #ifdef HAVE_SYS_TYPES_H
| # include <sys/types.h>
| #endif
| #ifdef HAVE_SYS_STAT_H
| # include <sys/stat.h>
| #endif
| #ifdef STDC_HEADERS
| # include <stdlib.h>
| # include <stddef.h>
| #else
| # ifdef HAVE_STDLIB_H
| #  include <stdlib.h>
| # endif
| #endif
| #ifdef HAVE_STRING_H
| # if !defined STDC_HEADERS && defined HAVE_MEMORY_H
| #  include <memory.h>
| # endif
| # include <string.h>
| #endif
| #ifdef HAVE_STRINGS_H
| # include <strings.h>
| #endif
| #ifdef HAVE_INTTYPES_H
| # include <inttypes.h>
| #endif
| #ifdef HAVE_STDINT_H
| # include <stdint.h>
| #endif
| #ifdef HAVE_UNISTD_H
| # include <unistd.h>
| #endif
| int
| main ()
| {
| if (sizeof ((size_t)))
| 	    return 0;
|   ;
|   return 0;
| }
configure:3508: result: yes
configure:3523: checking for stdlib.h
configure:3523: result: yes
configure:3533: checking for GNU libc compatible malloc
configure:3557: gcc -o conftest -g -O2   -L/home/jbeeahn/Documents/sfold-2.2/lib conftest.c  >&5
configure:3557: $? = 0
configure:3557: ./conftest
configure:3557: $? = 0
configure:3567: result: yes
configure:3588: checking for working strtod
configure:3629: gcc -o conftest -g -O2   -L/home/jbeeahn/Documents/sfold-2.2/lib conftest.c  >&5
configure:3629: $? = 0
configure:3629: ./conftest
configure:3629: $? = 0
configure:3639: result: yes
configure:3704: checking for mkdir
configure:3704: gcc -o conftest -g -O2   -L/home/jbeeahn/Documents/sfold-2.2/lib conftest.c  >&5
configure:3704: $? = 0
configure:3704: result: yes
configure:3704: checking for pow
configure:3704: gcc -o conftest -g -O2   -L/home/jbeeahn/Documents/sfold-2.2/lib conftest.c  >&5
conftest.c:48:6: warning: conflicting types for built-in function 'pow'
 char pow ();
      ^
/tmp/ccjqNSfI.o: In function `main':
/home/jbeeahn/Documents/sfold-2.2/conftest.c:59: undefined reference to `pow'
collect2: error: ld returned 1 exit status
configure:3704: $? = 1
configure: failed program was:
| /* confdefs.h */
| #define PACKAGE_NAME "Sfold"
| #define PACKAGE_TARNAME "sfold"
| #define PACKAGE_VERSION "2.1"
| #define PACKAGE_STRING "Sfold 2.1"
| #define PACKAGE_BUGREPORT "http://sfold.wadsworth.org"
| #define PACKAGE_URL ""
| #define STDC_HEADERS 1
| #define HAVE_SYS_TYPES_H 1
| #define HAVE_SYS_STAT_H 1
| #define HAVE_STDLIB_H 1
| #define HAVE_STRING_H 1
| #define HAVE_MEMORY_H 1
| #define HAVE_STRINGS_H 1
| #define HAVE_INTTYPES_H 1
| #define HAVE_STDINT_H 1
| #define HAVE_UNISTD_H 1
| #define HAVE_STDLIB_H 1
| #define HAVE_STRING_H 1
| #define HAVE_UNISTD_H 1
| #define HAVE_STDLIB_H 1
| #define HAVE_MALLOC 1
| #define HAVE_MKDIR 1
| /* end confdefs.h.  */
| /* Define pow to an innocuous variant, in case <limits.h> declares pow.
|    For example, HP-UX 11i <limits.h> declares gettimeofday.  */
| #define pow innocuous_pow
| 
| /* System header to define __stub macros and hopefully few prototypes,
|     which can conflict with char pow (); below.
|     Prefer <limits.h> to <assert.h> if __STDC__ is defined, since
|     <limits.h> exists even on freestanding compilers.  */
| 
| #ifdef __STDC__
| # include <limits.h>
| #else
| # include <assert.h>
| #endif
| 
| #undef pow
| 
| /* Override any GCC internal prototype to avoid an error.
|    Use char because int might match the return type of a GCC
|    builtin and then its argument prototype would still apply.  */
| #ifdef __cplusplus
| extern "C"
| #endif
| char pow ();
| /* The GNU C library defines this for functions which it implements
|     to always fail with ENOSYS.  Some functions are actually named
|     something starting with __ and the normal name is an alias.  */
| #if defined __stub_pow || defined __stub___pow
| choke me
| #endif
| 
| int
| main ()
| {
| return pow ();
|   ;
|   return 0;
| }
configure:3704: result: no
configure:3704: checking for strcasecmp
configure:3704: gcc -o conftest -g -O2   -L/home/jbeeahn/Documents/sfold-2.2/lib conftest.c  >&5
conftest.c:48:6: warning: conflicting types for built-in function 'strcasecmp'
 char strcasecmp ();
      ^
configure:3704: $? = 0
configure:3704: result: yes
configure:3704: checking for strdup
configure:3704: gcc -o conftest -g -O2   -L/home/jbeeahn/Documents/sfold-2.2/lib conftest.c  >&5
conftest.c:49:6: warning: conflicting types for built-in function 'strdup'
 char strdup ();
      ^
configure:3704: $? = 0
configure:3704: result: yes
configure:3862: creating ./config.status

## ---------------------- ##
## Running config.status. ##
## ---------------------- ##

This file was extended by Sfold config.status 2.1, which was
generated by GNU Autoconf 2.65.  Invocation command line was

  CONFIG_FILES    = 
  CONFIG_HEADERS  = 
  CONFIG_LINKS    = 
  CONFIG_COMMANDS = 
  $ ./config.status 

on ubuntu

config.status:733: creating sfoldenv

## ---------------- ##
## Cache variables. ##
## ---------------- ##

ac_cv_c_compiler_gnu=yes
ac_cv_env_CC_set=
ac_cv_env_CC_value=
ac_cv_env_CFLAGS_set=
ac_cv_env_CFLAGS_value=
ac_cv_env_CPPFLAGS_set=
ac_cv_env_CPPFLAGS_value=
ac_cv_env_CPP_set=
ac_cv_env_CPP_value=
ac_cv_env_LDFLAGS_set=
ac_cv_env_LDFLAGS_value=
ac_cv_env_LIBS_set=
ac_cv_env_LIBS_value=
ac_cv_env_build_alias_set=
ac_cv_env_build_alias_value=
ac_cv_env_host_alias_set=
ac_cv_env_host_alias_value=
ac_cv_env_target_alias_set=
ac_cv_env_target_alias_value=
ac_cv_func_malloc_0_nonnull=yes
ac_cv_func_mkdir=yes
ac_cv_func_pow=no
ac_cv_func_strcasecmp=yes
ac_cv_func_strdup=yes
ac_cv_func_strtod=yes
ac_cv_header_inttypes_h=yes
ac_cv_header_memory_h=yes
ac_cv_header_stdc=yes
ac_cv_header_stdint_h=yes
ac_cv_header_stdlib_h=yes
ac_cv_header_string_h=yes
ac_cv_header_strings_h=yes
ac_cv_header_sys_stat_h=yes
ac_cv_header_sys_types_h=yes
ac_cv_header_unistd_h=yes
ac_cv_objext=o
ac_cv_path_AWK=/usr/bin/awk
ac_cv_path_EGREP='/bin/grep -E'
ac_cv_path_GREP=/bin/grep
ac_cv_path_PERL=/usr/bin/perl
ac_cv_path_R=/usr/bin/R
ac_cv_prog_CPP='gcc -E'
ac_cv_prog_ac_ct_CC=gcc
ac_cv_prog_cc_c89=
ac_cv_prog_cc_g=yes
ac_cv_type_size_t=yes

## ----------------- ##
## Output variables. ##
## ----------------- ##

AWK='/usr/bin/awk'
CC='gcc'
CFLAGS='-g -O2'
CPP='gcc -E'
CPPFLAGS=''
DEFS='-DPACKAGE_NAME=\"Sfold\" -DPACKAGE_TARNAME=\"sfold\" -DPACKAGE_VERSION=\"2.1\" -DPACKAGE_STRING=\"Sfold\ 2.1\" -DPACKAGE_BUGREPORT=\"http://sfold.wadsworth.org\" -DPACKAGE_URL=\"\" -DSTDC_HEADERS=1 -DHAVE_SYS_TYPES_H=1 -DHAVE_SYS_STAT_H=1 -DHAVE_STDLIB_H=1 -DHAVE_STRING_H=1 -DHAVE_MEMORY_H=1 -DHAVE_STRINGS_H=1 -DHAVE_INTTYPES_H=1 -DHAVE_STDINT_H=1 -DHAVE_UNISTD_H=1 -DHAVE_STDLIB_H=1 -DHAVE_STRING_H=1 -DHAVE_UNISTD_H=1 -DHAVE_STDLIB_H=1 -DHAVE_MALLOC=1 -DHAVE_MKDIR=1 -DHAVE_STRCASECMP=1 -DHAVE_STRDUP=1'
ECHO_C=''
ECHO_N='-n'
ECHO_T=''
EGREP='/bin/grep -E'
EXEEXT=''
GREP='/bin/grep'
LDFLAGS=' -L/home/jbeeahn/Documents/sfold-2.2/lib'
LIBOBJS=''
LIBS=''
LTLIBOBJS=''
OBJEXT='o'
PACKAGE_BUGREPORT='http://sfold.wadsworth.org'
PACKAGE_NAME='Sfold'
PACKAGE_STRING='Sfold 2.1'
PACKAGE_TARNAME='sfold'
PACKAGE_URL=''
PACKAGE_VERSION='2.1'
PATH_SEPARATOR=':'
PERL='/usr/bin/perl'
POW_LIB=''
R='/usr/bin/R'
SHELL='/bin/bash'
ac_ct_CC='gcc'
bindir='${exec_prefix}/bin'
build_alias=''
datadir='${datarootdir}'
datarootdir='${prefix}/share'
docdir='${datarootdir}/doc/${PACKAGE_TARNAME}'
dvidir='${docdir}'
exec_prefix='${prefix}'
host_alias=''
host_cpu='X86_64'
host_os='LINUX'
htmldir='${docdir}'
includedir='${prefix}/include'
infodir='${datarootdir}/info'
libdir='${exec_prefix}/lib'
libexecdir='${exec_prefix}/libexec'
localedir='${datarootdir}/locale'
localstatedir='${prefix}/var'
mandir='${datarootdir}/man'
oldincludedir='/usr/include'
pdfdir='${docdir}'
prefix='/home/jbeeahn/Documents/sfold-2.2'
program_transform_name='s,x,x,'
psdir='${docdir}'
sbindir='${exec_prefix}/sbin'
sharedstatedir='${prefix}/com'
sysconfdir='${prefix}/etc'
target_alias=''

## ----------- ##
## confdefs.h. ##
## ----------- ##

/* confdefs.h */
#define PACKAGE_NAME "Sfold"
#define PACKAGE_TARNAME "sfold"
#define PACKAGE_VERSION "2.1"
#define PACKAGE_STRING "Sfold 2.1"
#define PACKAGE_BUGREPORT "http://sfold.wadsworth.org"
#define PACKAGE_URL ""
#define STDC_HEADERS 1
#define HAVE_SYS_TYPES_H 1
#define HAVE_SYS_STAT_H 1
#define HAVE_STDLIB_H 1
#define HAVE_STRING_H 1
#define HAVE_MEMORY_H 1
#define HAVE_STRINGS_H 1
#define HAVE_INTTYPES_H 1
#define HAVE_STDINT_H 1
#define HAVE_UNISTD_H 1
#define HAVE_STDLIB_H 1
#define HAVE_STRING_H 1
#define HAVE_UNISTD_H 1
#define HAVE_STDLIB_H 1
#define HAVE_MALLOC 1
#define HAVE_MKDIR 1
#define HAVE_STRCASECMP 1
#define HAVE_STRDUP 1

configure: exit 0
