Structure        1     -15.60       0.21067E+00
    1 G     0     2    36     1
    2 A     1     3    35     2
    3 G     2     4    34     3
    4 G     3     5    33     4
    5 A     4     6     0     5
    6 A     5     7     0     6
    7 G     6     8     0     7
    8 U     7     9     0     8
    9 C     8    10     0     9
   10 C     9    11    15    10
   11 U    10    12     0    11
   12 G    11    13     0    12
   13 A    12    14     0    13
   14 U    13    15     0    14
   15 G    14    16    10    15
   16 A    15    17     0    16
   17 G    16    18    28    17
   18 G    17    19    27    18
   19 C    18    20    26    19
   20 C    19    21    25    20
   21 G    20    22     0    21
   22 A    21    23     0    22
   23 A    22    24     0    23
   24 A    23    25     0    24
   25 G    24    26    20    25
   26 G    25    27    19    26
   27 C    26    28    18    27
   28 C    27    29    17    28
   29 G    28    30     0    29
   30 A    29    31     0    30
   31 A    30    32     0    31
   32 A    31    33     0    32
   33 C    32    34     4    33
   34 C    33    35     3    34
   35 U    34    36     2    35
   36 C    35    37     1    36
   37 G    36    38     0    37
   38 U    37    39     0    38
   39 G    38    40     0    39
Structure        2     -14.20       0.79583E-01
    1 G     0     2    36     1
    2 A     1     3    35     2
    3 G     2     4    34     3
    4 G     3     5    33     4
    5 A     4     6     0     5
    6 A     5     7     0     6
    7 G     6     8     0     7
    8 U     7     9     0     8
    9 C     8    10     0     9
   10 C     9    11     0    10
   11 U    10    12     0    11
   12 G    11    13     0    12
   13 A    12    14     0    13
   14 U    13    15     0    14
   15 G    14    16     0    15
   16 A    15    17     0    16
   17 G    16    18    28    17
   18 G    17    19    27    18
   19 C    18    20    26    19
   20 C    19    21    25    20
   21 G    20    22     0    21
   22 A    21    23     0    22
   23 A    22    24     0    23
   24 A    23    25     0    24
   25 G    24    26    20    25
   26 G    25    27    19    26
   27 C    26    28    18    27
   28 C    27    29    17    28
   29 G    28    30     0    29
   30 A    29    31     0    30
   31 A    30    32     0    31
   32 A    31    33     0    32
   33 C    32    34     4    33
   34 C    33    35     3    34
   35 U    34    36     2    35
   36 C    35    37     1    36
   37 G    36    38     0    37
   38 U    37    39     0    38
   39 G    38    40     0    39
Structure        3     -14.00       0.69799E-02
    1 G     0     2     0     1
    2 A     1     3    11     2
    3 G     2     4    10     3
    4 G     3     5     9     4
    5 A     4     6     0     5
    6 A     5     7     0     6
    7 G     6     8     0     7
    8 U     7     9     0     8
    9 C     8    10     4     9
   10 C     9    11     3    10
   11 U    10    12     2    11
   12 G    11    13     0    12
   13 A    12    14     0    13
   14 U    13    15     0    14
   15 G    14    16     0    15
   16 A    15    17     0    16
   17 G    16    18    28    17
   18 G    17    19    27    18
   19 C    18    20    26    19
   20 C    19    21    25    20
   21 G    20    22     0    21
   22 A    21    23     0    22
   23 A    22    24     0    23
   24 A    23    25     0    24
   25 G    24    26    20    25
   26 G    25    27    19    26
   27 C    26    28    18    27
   28 C    27    29    17    28
   29 G    28    30     0    29
   30 A    29    31     0    30
   31 A    30    32     0    31
   32 A    31    33     0    32
   33 C    32    34     0    33
   34 C    33    35     0    34
   35 U    34    36     0    35
   36 C    35    37     0    36
   37 G    36    38     0    37
   38 U    37    39     0    38
   39 G    38    40     0    39
Structure        4     -13.00       0.11357E-01
    1 G     0     2    36     1
    2 A     1     3    35     2
    3 G     2     4    34     3
    4 G     3     5    33     4
    5 A     4     6     0     5
    6 A     5     7     0     6
    7 G     6     8     0     7
    8 U     7     9     0     8
    9 C     8    10     0     9
   10 C     9    11     0    10
   11 U    10    12     0    11
   12 G    11    13     0    12
   13 A    12    14     0    13
   14 U    13    15    32    14
   15 G    14    16     0    15
   16 A    15    17     0    16
   17 G    16    18    28    17
   18 G    17    19    27    18
   19 C    18    20    26    19
   20 C    19    21    25    20
   21 G    20    22     0    21
   22 A    21    23     0    22
   23 A    22    24     0    23
   24 A    23    25     0    24
   25 G    24    26    20    25
   26 G    25    27    19    26
   27 C    26    28    18    27
   28 C    27    29    17    28
   29 G    28    30     0    29
   30 A    29    31     0    30
   31 A    30    32     0    31
   32 A    31    33    14    32
   33 C    32    34     4    33
   34 C    33    35     3    34
   35 U    34    36     2    35
   36 C    35    37     1    36
   37 G    36    38     0    37
   38 U    37    39     0    38
   39 G    38    40     0    39
Structure        5     -12.50       0.50457E-02
    1 G     0     2    36     1
    2 A     1     3    35     2
    3 G     2     4    34     3
    4 G     3     5    33     4
    5 A     4     6     0     5
    6 A     5     7     0     6
    7 G     6     8     0     7
    8 U     7     9    30     8
    9 C     8    10    29     9
   10 C     9    11    15    10
   11 U    10    12     0    11
   12 G    11    13     0    12
   13 A    12    14     0    13
   14 U    13    15     0    14
   15 G    14    16    10    15
   16 A    15    17     0    16
   17 G    16    18    28    17
   18 G    17    19    27    18
   19 C    18    20    26    19
   20 C    19    21    25    20
   21 G    20    22     0    21
   22 A    21    23     0    22
   23 A    22    24     0    23
   24 A    23    25     0    24
   25 G    24    26    20    25
   26 G    25    27    19    26
   27 C    26    28    18    27
   28 C    27    29    17    28
   29 G    28    30     9    29
   30 A    29    31     8    30
   31 A    30    32     0    31
   32 A    31    33     0    32
   33 C    32    34     4    33
   34 C    33    35     3    34
   35 U    34    36     2    35
   36 C    35    37     1    36
   37 G    36    38     0    37
   38 U    37    39     0    38
   39 G    38    40     0    39
Structure        6     -11.70       0.16717E-03
    1 G     0     2     0     1
    2 A     1     3    11     2
    3 G     2     4    10     3
    4 G     3     5     0     4
    5 A     4     6     0     5
    6 A     5     7     0     6
    7 G     6     8     0     7
    8 U     7     9     0     8
    9 C     8    10     0     9
   10 C     9    11     3    10
   11 U    10    12     2    11
   12 G    11    13     0    12
   13 A    12    14     0    13
   14 U    13    15     0    14
   15 G    14    16     0    15
   16 A    15    17     0    16
   17 G    16    18    28    17
   18 G    17    19    27    18
   19 C    18    20    26    19
   20 C    19    21    25    20
   21 G    20    22     0    21
   22 A    21    23     0    22
   23 A    22    24     0    23
   24 A    23    25     0    24
   25 G    24    26    20    25
   26 G    25    27    19    26
   27 C    26    28    18    27
   28 C    27    29    17    28
   29 G    28    30     0    29
   30 A    29    31     0    30
   31 A    30    32     0    31
   32 A    31    33     0    32
   33 C    32    34     0    33
   34 C    33    35     0    34
   35 U    34    36     0    35
   36 C    35    37     0    36
   37 G    36    38     0    37
   38 U    37    39     0    38
   39 G    38    40     0    39
Structure        7     -10.90       0.26367E-02
    1 G     0     2     0     1
    2 A     1     3    35     2
    3 G     2     4    34     3
    4 G     3     5    33     4
    5 A     4     6     0     5
    6 A     5     7     0     6
    7 G     6     8     0     7
    8 U     7     9    30     8
    9 C     8    10    29     9
   10 C     9    11     0    10
   11 U    10    12     0    11
   12 G    11    13     0    12
   13 A    12    14     0    13
   14 U    13    15     0    14
   15 G    14    16     0    15
   16 A    15    17     0    16
   17 G    16    18    28    17
   18 G    17    19    27    18
   19 C    18    20    26    19
   20 C    19    21    25    20
   21 G    20    22     0    21
   22 A    21    23     0    22
   23 A    22    24     0    23
   24 A    23    25     0    24
   25 G    24    26    20    25
   26 G    25    27    19    26
   27 C    26    28    18    27
   28 C    27    29    17    28
   29 G    28    30     9    29
   30 A    29    31     8    30
   31 A    30    32     0    31
   32 A    31    33     0    32
   33 C    32    34     4    33
   34 C    33    35     3    34
   35 U    34    36     2    35
   36 C    35    37     0    36
   37 G    36    38     0    37
   38 U    37    39     0    38
   39 G    38    40     0    39
Structure        8     -10.10       0.52050E-03
    1 G     0     2     0     1
    2 A     1     3     0     2
    3 G     2     4     0     3
    4 G     3     5     0     4
    5 A     4     6     0     5
    6 A     5     7     0     6
    7 G     6     8     0     7
    8 U     7     9     0     8
    9 C     8    10     0     9
   10 C     9    11     0    10
   11 U    10    12    37    11
   12 G    11    13    36    12
   13 A    12    14    35    13
   14 U    13    15     0    14
   15 G    14    16     0    15
   16 A    15    17     0    16
   17 G    16    18    28    17
   18 G    17    19    27    18
   19 C    18    20    26    19
   20 C    19    21    25    20
   21 G    20    22     0    21
   22 A    21    23     0    22
   23 A    22    24     0    23
   24 A    23    25     0    24
   25 G    24    26    20    25
   26 G    25    27    19    26
   27 C    26    28    18    27
   28 C    27    29    17    28
   29 G    28    30     0    29
   30 A    29    31     0    30
   31 A    30    32     0    31
   32 A    31    33     0    32
   33 C    32    34     0    33
   34 C    33    35     0    34
   35 U    34    36    13    35
   36 C    35    37    12    36
   37 G    36    38    11    37
   38 U    37    39     0    38
   39 G    38    40     0    39
Structure        9      -9.30       0.12085E-03
    1 G     0     2     0     1
    2 A     1     3     0     2
    3 G     2     4    10     3
    4 G     3     5     9     4
    5 A     4     6     0     5
    6 A     5     7     0     6
    7 G     6     8     0     7
    8 U     7     9     0     8
    9 C     8    10     4     9
   10 C     9    11     3    10
   11 U    10    12    37    11
   12 G    11    13    36    12
   13 A    12    14    35    13
   14 U    13    15    31    14
   15 G    14    16     0    15
   16 A    15    17     0    16
   17 G    16    18    28    17
   18 G    17    19    27    18
   19 C    18    20    26    19
   20 C    19    21    25    20
   21 G    20    22     0    21
   22 A    21    23     0    22
   23 A    22    24     0    23
   24 A    23    25     0    24
   25 G    24    26    20    25
   26 G    25    27    19    26
   27 C    26    28    18    27
   28 C    27    29    17    28
   29 G    28    30     0    29
   30 A    29    31     0    30
   31 A    30    32    14    31
   32 A    31    33     0    32
   33 C    32    34     0    33
   34 C    33    35     0    34
   35 U    34    36    13    35
   36 C    35    37    12    36
   37 G    36    38    11    37
   38 U    37    39     0    38
   39 G    38    40     0    39
Structure       10      -8.60       0.90116E-05
    1 G     0     2    36     1
    2 A     1     3    35     2
    3 G     2     4    34     3
    4 G     3     5    33     4
    5 A     4     6     0     5
    6 A     5     7     0     6
    7 G     6     8     0     7
    8 U     7     9     0     8
    9 C     8    10     0     9
   10 C     9    11     0    10
   11 U    10    12    29    11
   12 G    11    13    28    12
   13 A    12    14     0    13
   14 U    13    15     0    14
   15 G    14    16     0    15
   16 A    15    17     0    16
   17 G    16    18     0    17
   18 G    17    19    27    18
   19 C    18    20    26    19
   20 C    19    21    25    20
   21 G    20    22     0    21
   22 A    21    23     0    22
   23 A    22    24     0    23
   24 A    23    25     0    24
   25 G    24    26    20    25
   26 G    25    27    19    26
   27 C    26    28    18    27
   28 C    27    29    12    28
   29 G    28    30    11    29
   30 A    29    31     0    30
   31 A    30    32     0    31
   32 A    31    33     0    32
   33 C    32    34     4    33
   34 C    33    35     3    34
   35 U    34    36     2    35
   36 C    35    37     1    36
   37 G    36    38     0    37
   38 U    37    39     0    38
   39 G    38    40     0    39
