    0   0.22800000
    1   0.35600000
    2   0.35600000
    3   0.35600000
    4   0.74600000
    5   0.74600000
    6   0.74600000
    7   0.74600000
    8   0.74600000
    9   0.85800000
   10   0.85800000
   11   0.87600000
   12   0.89200000
   13   0.89200000
   14   0.89200000
   15   0.90800000
   16   0.90800000
   17   0.91700000
   18   0.93400000
   19   0.93700000
   20   0.94800000
   21   0.95200000
   22   0.95600000
   23   0.95600000
   24   0.95800000
   25   0.96400000
   26   0.96400000
   27   0.96700000
   28   0.97200000
   29   0.97500000
   30   0.97700000
   31   0.98200000
   32   0.98200000
   33   0.98500000
   34   0.98800000
   35   0.98800000
   36   0.99100000
   37   0.99100000
   38   0.99400000
   39   0.99400000
   40   0.99400000
   41   0.99600000
   42   0.99800000
   43   0.99800000
   44   0.99800000
   45   0.99900000
   46   0.99900000
   47   0.99900000
   48   0.99900000
   49   0.99900000
   50   1.00000000
   51   1.00000000
   52   1.00000000
   53   1.00000000
   54   1.00000000
   55   1.00000000
   56   1.00000000
   57   1.00000000
   58   1.00000000
   59   1.00000000
   60   1.00000000
   61   1.00000000
   62   1.00000000
   63   1.00000000
   64   1.00000000
   65   1.00000000
   66   1.00000000
   67   1.00000000
   68   1.00000000
   69   1.00000000
   70   1.00000000
   71   1.00000000
   72   1.00000000
   73   1.00000000
   74   1.00000000
   75   1.00000000
   76   1.00000000
   77   1.00000000
   78   1.00000000
   79   1.00000000
   80   1.00000000
   81   1.00000000
   82   1.00000000
   83   1.00000000
   84   1.00000000
   85   1.00000000
   86   1.00000000
   87   1.00000000
   88   1.00000000
   89   1.00000000
   90   1.00000000
   91   1.00000000
   92   1.00000000
   93   1.00000000
   94   1.00000000
   95   1.00000000
   96   1.00000000
   97   1.00000000
   98   1.00000000
   99   1.00000000
  100   1.00000000
