   1     -15.00
   2     -15.60
   3     -10.50
   4     -15.10
   5     -15.60
   6     -15.00
   7     -15.00
   8     -15.00
   9     -15.60
  10     -15.00
  11     -14.20
  12     -15.00
  13     -15.00
  14     -15.00
  15     -15.10
  16     -15.60
  17     -15.50
  18     -14.20
  19     -15.10
  20     -15.60
  21     -12.50
  22     -15.00
  23     -15.00
  24     -15.60
  25     -15.00
  26     -15.50
  27     -12.30
  28     -15.00
  29     -14.20
  30     -15.60
  31     -13.90
  32     -15.60
  33     -15.60
  34     -15.60
  35     -15.00
  36     -15.60
  37     -15.50
  38     -15.60
  39      -9.70
  40     -15.50
  41     -14.20
  42     -12.80
  43     -13.80
  44     -15.60
  45     -15.10
  46     -12.00
  47     -12.90
  48     -14.20
  49     -15.10
  50     -15.00
  51     -14.20
  52     -15.60
  53     -15.00
  54     -15.60
  55     -15.00
  56     -15.60
  57     -15.10
  58     -14.20
  59     -11.70
  60     -15.00
  61     -14.20
  62     -15.10
  63     -15.60
  64     -15.60
  65     -12.30
  66     -14.20
  67     -15.10
  68     -15.00
  69     -12.90
  70     -15.00
  71     -12.50
  72     -15.60
  73     -15.00
  74     -15.60
  75     -15.00
  76     -15.50
  77     -15.00
  78     -15.60
  79     -15.00
  80     -15.50
  81     -15.00
  82     -15.10
  83     -15.00
  84     -14.20
  85     -11.30
  86     -15.60
  87     -15.00
  88     -15.60
  89     -15.60
  90     -15.00
  91     -15.00
  92     -13.40
  93     -14.20
  94     -15.00
  95     -15.00
  96     -15.10
  97     -15.50
  98     -15.00
  99     -15.60
 100     -11.80
 101     -13.90
 102     -15.00
 103     -15.60
 104     -14.20
 105     -15.00
 106     -15.60
 107     -15.60
 108     -15.00
 109     -15.00
 110     -15.60
 111     -15.00
 112     -14.20
 113     -15.50
 114     -15.60
 115     -15.60
 116     -15.60
 117     -15.50
 118     -15.50
 119     -15.60
 120      -9.20
 121     -15.00
 122     -15.50
 123     -15.00
 124     -15.60
 125     -15.00
 126     -15.10
 127     -15.60
 128     -13.40
 129     -10.10
 130     -11.30
 131     -14.20
 132     -15.10
 133     -15.00
 134     -15.00
 135     -15.50
 136     -15.00
 137     -15.10
 138     -14.20
 139     -15.00
 140     -15.60
 141     -15.60
 142     -15.60
 143     -15.60
 144     -15.00
 145     -15.60
 146     -15.00
 147     -15.00
 148     -15.60
 149     -15.60
 150     -15.10
 151     -15.00
 152     -15.60
 153     -15.00
 154     -15.00
 155     -15.60
 156     -15.00
 157     -12.90
 158     -15.00
 159     -15.00
 160     -15.00
 161     -15.00
 162     -15.50
 163     -15.60
 164     -14.20
 165     -15.60
 166     -15.00
 167     -15.00
 168     -15.10
 169     -15.10
 170     -14.20
 171     -15.60
 172     -15.60
 173     -15.50
 174     -15.60
 175     -15.00
 176     -15.00
 177     -14.20
 178     -15.50
 179     -15.00
 180     -15.50
 181     -15.50
 182     -15.50
 183     -15.60
 184     -15.60
 185     -10.90
 186     -15.10
 187     -15.00
 188     -12.90
 189     -15.00
 190     -15.00
 191     -15.00
 192     -15.60
 193     -15.60
 194     -13.40
 195     -15.00
 196     -12.80
 197     -15.00
 198     -15.00
 199     -13.80
 200      -9.70
 201     -15.10
 202     -15.60
 203     -15.00
 204     -15.00
 205     -15.60
 206     -15.60
 207     -13.40
 208     -15.50
 209     -14.20
 210     -15.60
 211     -15.50
 212     -10.90
 213     -15.60
 214     -15.00
 215     -15.60
 216     -11.20
 217     -14.20
 218     -15.00
 219     -15.10
 220     -15.60
 221     -14.20
 222     -15.50
 223     -15.60
 224     -14.20
 225     -15.00
 226     -15.00
 227     -15.60
 228     -15.00
 229     -15.10
 230     -13.40
 231     -15.60
 232     -15.50
 233     -14.20
 234     -15.10
 235     -15.10
 236     -13.40
 237     -15.60
 238     -15.60
 239     -12.90
 240     -15.10
 241     -15.00
 242     -15.00
 243     -15.00
 244     -15.10
 245     -15.00
 246     -15.60
 247     -15.60
 248     -15.50
 249     -15.50
 250     -11.80
 251     -15.00
 252     -14.20
 253     -10.50
 254     -15.00
 255     -15.60
 256     -15.10
 257     -15.60
 258     -14.20
 259     -15.00
 260     -13.90
 261     -15.10
 262     -15.00
 263     -15.50
 264     -15.10
 265     -15.50
 266     -11.40
 267     -15.00
 268     -14.00
 269     -15.60
 270     -15.00
 271     -15.00
 272     -15.60
 273     -15.00
 274     -15.10
 275     -15.00
 276     -14.20
 277     -15.50
 278     -14.20
 279     -15.10
 280     -15.50
 281     -15.10
 282     -14.20
 283     -15.00
 284     -15.00
 285     -15.50
 286     -15.10
 287     -15.00
 288     -15.10
 289     -15.60
 290     -15.60
 291     -12.90
 292     -15.60
 293     -15.50
 294      -9.30
 295     -15.10
 296     -11.30
 297     -15.50
 298     -15.00
 299     -15.10
 300     -15.60
 301     -15.00
 302     -12.90
 303     -13.90
 304     -12.90
 305     -15.00
 306     -14.20
 307     -15.50
 308     -15.60
 309     -15.00
 310     -15.60
 311     -15.60
 312     -15.60
 313     -15.60
 314     -13.40
 315      -7.90
 316     -15.60
 317     -13.90
 318     -15.60
 319     -15.00
 320     -15.10
 321     -15.60
 322     -15.00
 323     -15.00
 324     -15.00
 325     -15.60
 326     -15.50
 327     -15.60
 328     -15.00
 329     -14.20
 330     -13.90
 331     -15.60
 332     -14.20
 333     -11.20
 334     -14.20
 335     -15.00
 336     -15.60
 337     -15.00
 338     -15.50
 339     -15.00
 340     -14.20
 341     -15.50
 342     -15.60
 343     -15.00
 344     -14.20
 345     -14.20
 346     -15.60
 347     -15.00
 348     -13.40
 349     -15.50
 350     -15.00
 351     -15.00
 352     -14.20
 353     -15.60
 354     -15.60
 355     -15.60
 356     -10.30
 357     -15.00
 358     -15.00
 359     -13.90
 360     -12.30
 361     -15.10
 362     -15.60
 363     -15.10
 364     -15.00
 365     -15.60
 366     -15.50
 367     -15.50
 368     -14.20
 369     -14.20
 370     -14.20
 371     -13.80
 372     -15.50
 373     -15.10
 374     -15.10
 375     -12.60
 376     -13.40
 377     -15.60
 378     -15.00
 379     -14.20
 380     -11.00
 381     -15.10
 382     -12.50
 383     -14.20
 384     -15.60
 385     -15.50
 386     -14.20
 387     -13.40
 388     -15.60
 389     -14.20
 390     -14.20
 391     -15.00
 392     -15.60
 393     -15.00
 394     -15.00
 395     -14.20
 396     -14.20
 397     -15.00
 398     -15.50
 399     -15.00
 400     -15.60
 401     -15.60
 402     -11.30
 403     -14.20
 404     -14.20
 405     -15.50
 406     -15.10
 407     -15.00
 408     -12.60
 409     -15.10
 410     -14.20
 411     -13.40
 412     -15.60
 413     -15.10
 414     -15.00
 415     -15.00
 416     -15.60
 417     -15.60
 418     -10.90
 419     -13.00
 420     -15.00
 421     -15.00
 422     -15.60
 423     -15.60
 424     -15.00
 425     -15.60
 426     -15.60
 427     -15.00
 428     -15.60
 429     -15.50
 430     -15.60
 431     -15.00
 432     -13.00
 433     -14.20
 434     -13.80
 435     -15.60
 436     -15.10
 437     -14.20
 438     -15.60
 439     -15.00
 440     -15.00
 441     -15.10
 442     -15.60
 443     -14.20
 444     -12.60
 445     -15.50
 446     -15.00
 447     -10.30
 448     -15.60
 449     -15.00
 450     -15.60
 451     -15.00
 452     -15.00
 453     -12.40
 454     -15.00
 455     -15.60
 456     -15.00
 457     -13.90
 458     -15.50
 459     -15.10
 460     -12.50
 461     -15.00
 462     -15.00
 463     -15.00
 464     -15.50
 465     -15.60
 466     -15.00
 467     -15.60
 468     -14.20
 469     -15.00
 470     -14.20
 471     -13.80
 472     -15.60
 473     -15.00
 474     -15.10
 475     -15.50
 476     -15.60
 477     -15.10
 478     -15.10
 479     -15.50
 480     -15.00
 481     -15.50
 482     -13.80
 483     -14.20
 484     -15.00
 485     -15.60
 486     -15.00
 487     -14.20
 488     -14.20
 489     -15.00
 490     -14.20
 491     -15.50
 492     -15.10
 493     -15.00
 494     -15.00
 495     -15.60
 496     -15.10
 497     -15.60
 498     -15.50
 499     -15.00
 500     -15.60
 501     -15.00
 502     -15.10
 503     -14.20
 504     -15.50
 505     -15.50
 506     -13.80
 507     -15.60
 508     -15.60
 509     -15.00
 510     -15.00
 511     -14.20
 512     -11.80
 513     -15.50
 514     -15.00
 515     -15.10
 516     -15.10
 517     -12.50
 518     -15.60
 519     -15.00
 520     -15.50
 521     -15.00
 522     -15.00
 523     -15.00
 524     -15.60
 525     -15.00
 526     -14.20
 527     -12.90
 528     -14.20
 529     -15.10
 530     -15.00
 531     -15.60
 532     -15.60
 533     -14.20
 534     -15.60
 535     -14.20
 536     -15.50
 537     -15.60
 538     -12.70
 539     -15.00
 540     -12.90
 541     -15.00
 542     -15.60
 543     -13.00
 544     -15.60
 545     -15.10
 546     -15.60
 547     -15.50
 548     -13.80
 549     -15.10
 550     -15.00
 551     -15.60
 552     -14.20
 553     -15.00
 554     -15.50
 555     -15.50
 556     -15.00
 557     -15.60
 558     -12.90
 559     -15.50
 560     -14.20
 561     -14.20
 562     -15.50
 563     -15.00
 564     -15.60
 565     -15.60
 566     -14.20
 567     -15.10
 568     -15.60
 569     -14.20
 570     -15.60
 571     -15.60
 572     -11.10
 573     -15.00
 574     -15.10
 575     -15.50
 576     -15.10
 577     -15.60
 578     -15.10
 579     -15.50
 580     -15.00
 581     -14.20
 582     -15.00
 583     -15.50
 584     -15.00
 585     -15.60
 586     -15.10
 587     -15.60
 588     -15.60
 589     -15.10
 590     -12.60
 591     -15.50
 592     -15.60
 593     -10.90
 594     -15.60
 595     -15.50
 596     -15.10
 597     -15.00
 598     -15.60
 599     -14.20
 600     -15.00
 601     -15.00
 602     -15.00
 603     -15.00
 604     -15.10
 605     -15.50
 606     -15.10
 607     -15.00
 608     -15.00
 609     -14.20
 610     -15.00
 611     -15.10
 612     -15.00
 613     -13.40
 614     -15.50
 615     -15.50
 616     -14.00
 617     -15.50
 618     -15.50
 619     -14.20
 620     -15.60
 621     -15.60
 622     -15.50
 623     -15.60
 624     -14.20
 625     -15.10
 626     -12.90
 627     -15.00
 628     -13.90
 629     -15.50
 630     -15.50
 631     -15.60
 632     -15.00
 633     -15.10
 634     -15.00
 635     -15.00
 636     -15.10
 637     -15.10
 638     -15.00
 639     -15.00
 640     -15.00
 641     -15.00
 642     -15.50
 643     -14.20
 644     -15.00
 645     -14.20
 646     -15.00
 647     -15.60
 648     -15.50
 649     -15.60
 650     -15.60
 651     -15.60
 652     -15.00
 653     -15.60
 654     -15.60
 655     -14.20
 656     -15.60
 657     -15.00
 658     -15.60
 659     -15.50
 660     -13.80
 661     -15.60
 662     -15.50
 663     -15.00
 664     -15.00
 665     -14.20
 666     -15.60
 667     -15.10
 668     -14.20
 669     -15.10
 670     -14.00
 671     -15.60
 672     -15.50
 673     -15.60
 674      -9.30
 675     -15.50
 676     -15.50
 677     -15.10
 678     -15.00
 679     -15.00
 680     -15.00
 681     -15.50
 682     -15.00
 683     -14.20
 684     -13.40
 685     -15.10
 686     -15.60
 687     -14.20
 688     -15.60
 689     -15.10
 690     -15.50
 691     -15.00
 692     -12.90
 693     -15.00
 694     -15.10
 695     -15.00
 696     -15.50
 697     -15.50
 698     -15.10
 699     -15.50
 700     -11.50
 701     -15.00
 702     -13.80
 703     -15.60
 704     -15.50
 705     -15.60
 706     -15.00
 707     -15.60
 708     -11.80
 709     -15.50
 710     -15.60
 711     -14.20
 712     -15.10
 713     -12.70
 714     -12.00
 715     -15.00
 716     -13.90
 717     -15.60
 718     -14.00
 719     -15.50
 720     -15.00
 721     -15.00
 722     -14.20
 723     -15.60
 724     -15.00
 725     -15.00
 726     -15.60
 727     -15.00
 728     -15.00
 729      -9.20
 730     -15.60
 731     -10.40
 732     -15.60
 733     -13.00
 734     -15.60
 735     -15.60
 736     -15.00
 737     -15.50
 738     -15.50
 739     -15.00
 740     -12.60
 741     -15.60
 742     -15.00
 743     -15.50
 744     -15.60
 745     -15.60
 746     -15.00
 747     -13.40
 748     -14.20
 749     -15.50
 750     -15.50
 751     -14.20
 752     -15.00
 753     -15.00
 754     -15.50
 755     -15.50
 756     -15.00
 757     -15.10
 758     -15.00
 759     -12.70
 760     -15.00
 761     -15.60
 762     -15.00
 763     -14.20
 764     -15.60
 765     -15.50
 766     -15.50
 767     -15.00
 768     -13.80
 769     -15.50
 770     -13.80
 771     -15.60
 772     -15.60
 773     -15.50
 774     -15.60
 775     -15.00
 776     -15.60
 777     -15.10
 778     -15.00
 779     -15.50
 780     -15.00
 781     -15.00
 782     -15.60
 783     -15.00
 784     -15.50
 785     -12.40
 786     -15.50
 787     -15.60
 788     -15.60
 789     -15.00
 790     -14.20
 791     -15.00
 792     -15.60
 793     -14.20
 794     -15.50
 795     -15.50
 796     -15.60
 797     -15.00
 798     -15.50
 799     -15.00
 800     -14.20
 801     -15.60
 802     -15.10
 803     -15.00
 804     -15.10
 805     -15.10
 806     -13.80
 807     -13.40
 808     -15.60
 809     -15.00
 810     -15.00
 811     -14.00
 812     -15.00
 813     -15.50
 814     -15.00
 815     -15.00
 816     -15.00
 817     -15.00
 818     -11.30
 819     -13.00
 820     -13.80
 821     -15.60
 822     -15.60
 823     -15.00
 824     -15.00
 825     -15.60
 826     -15.00
 827     -15.50
 828     -15.10
 829     -13.00
 830     -15.00
 831     -14.20
 832     -15.60
 833     -15.00
 834     -12.50
 835     -15.00
 836     -15.00
 837     -15.50
 838     -15.10
 839     -15.00
 840     -15.00
 841     -13.00
 842     -10.10
 843     -15.10
 844     -15.60
 845     -14.20
 846     -12.90
 847     -15.00
 848     -15.60
 849     -15.00
 850     -15.60
 851     -13.80
 852     -15.10
 853     -12.40
 854     -15.50
 855     -15.00
 856     -15.00
 857     -15.10
 858     -15.00
 859     -15.60
 860     -15.00
 861     -15.00
 862     -15.00
 863     -15.00
 864     -14.20
 865     -15.00
 866     -15.60
 867     -15.00
 868     -15.00
 869     -13.90
 870     -15.00
 871     -15.00
 872     -15.10
 873     -12.30
 874     -15.60
 875     -15.60
 876     -14.20
 877     -11.40
 878     -15.60
 879     -15.00
 880     -15.00
 881     -13.00
 882     -10.10
 883     -15.50
 884     -15.60
 885     -15.00
 886     -14.20
 887     -14.20
 888     -15.60
 889     -15.00
 890     -15.10
 891     -15.10
 892     -13.80
 893     -15.50
 894     -15.50
 895     -15.00
 896     -15.00
 897     -15.60
 898     -15.10
 899     -14.20
 900     -15.50
 901     -14.20
 902     -15.60
 903     -15.00
 904     -15.60
 905     -15.00
 906     -15.00
 907     -13.90
 908     -15.00
 909     -15.10
 910     -15.60
 911     -11.00
 912     -11.80
 913     -14.20
 914     -13.40
 915     -15.10
 916     -15.60
 917     -15.60
 918     -15.00
 919     -15.00
 920     -14.20
 921     -15.60
 922     -15.00
 923     -15.10
 924     -15.00
 925     -15.50
 926     -14.20
 927     -15.10
 928     -14.20
 929     -15.60
 930     -15.00
 931     -15.60
 932     -13.90
 933     -15.60
 934     -15.00
 935     -13.00
 936     -15.00
 937     -15.00
 938     -15.60
 939     -15.60
 940     -15.00
 941     -15.10
 942     -15.50
 943     -15.50
 944     -15.60
 945     -15.60
 946     -12.40
 947     -15.00
 948     -15.50
 949     -15.50
 950     -14.20
 951     -10.90
 952     -14.20
 953     -15.00
 954     -15.00
 955     -14.20
 956     -15.50
 957     -15.10
 958     -15.50
 959     -14.20
 960     -14.20
 961     -12.90
 962     -15.50
 963     -14.20
 964     -15.00
 965     -15.00
 966     -14.20
 967     -15.50
 968     -10.50
 969     -15.00
 970     -15.00
 971     -15.10
 972     -15.00
 973     -15.00
 974     -15.00
 975     -15.60
 976     -15.10
 977     -15.50
 978     -15.60
 979     -15.60
 980      -9.80
 981     -15.00
 982     -15.10
 983     -15.50
 984     -14.20
 985     -14.20
 986     -15.00
 987     -14.20
 988     -15.00
 989     -15.50
 990     -15.60
 991      -8.60
 992     -15.50
 993     -15.60
 994     -14.20
 995     -15.00
 996     -15.60
 997     -15.00
 998     -15.50
 999     -15.00
1000     -15.60
