 Ensemble free energy (based on initial energies):-RT ln(U)= -14.0599045
 (U is the partition function for the sequence, see Ding and Lawrence 2003)
   1     -13.30      -1.70
   2     -13.10      -2.50
   3      -8.80      -1.70
   4     -12.70      -2.40
   5     -13.10      -2.50
   6     -13.30      -1.70
   7     -13.30      -1.70
   8     -13.30      -1.70
   9     -13.10      -2.50
  10     -13.30      -1.70
  11     -12.50      -1.70
  12     -13.30      -1.70
  13     -13.30      -1.70
  14     -13.30      -1.70
  15     -12.70      -2.40
  16     -13.10      -2.50
  17     -12.80      -2.70
  18     -12.50      -1.70
  19     -12.70      -2.40
  20     -13.10      -2.50
  21     -10.80      -1.70
  22     -13.30      -1.70
  23     -13.30      -1.70
  24     -13.10      -2.50
  25     -13.30      -1.70
  26     -12.80      -2.70
  27      -9.60      -2.70
  28     -13.30      -1.70
  29     -12.50      -1.70
  30     -13.10      -2.50
  31     -11.30      -2.60
  32     -13.10      -2.50
  33     -13.10      -2.50
  34     -13.10      -2.50
  35     -13.30      -1.70
  36     -13.10      -2.50
  37     -12.80      -2.70
  38     -13.10      -2.50
  39      -8.00      -1.70
  40     -12.80      -2.70
  41     -12.50      -1.70
  42     -10.40      -2.40
  43     -11.40      -2.40
  44     -13.10      -2.50
  45     -12.70      -2.40
  46     -10.00      -2.00
  47     -11.20      -1.70
  48     -12.50      -1.70
  49     -12.70      -2.40
  50     -13.30      -1.70
  51     -11.90      -2.30
  52     -13.10      -2.50
  53     -13.30      -1.70
  54     -13.10      -2.50
  55     -13.30      -1.70
  56     -13.10      -2.50
  57     -12.70      -2.40
  58     -12.50      -1.70
  59      -8.70      -3.00
  60     -13.30      -1.70
  61     -12.50      -1.70
  62     -12.70      -2.40
  63     -13.10      -2.50
  64     -13.10      -2.50
  65     -10.60      -1.70
  66     -11.90      -2.30
  67     -12.70      -2.40
  68     -13.30      -1.70
  69     -11.20      -1.70
  70     -13.30      -1.70
  71     -10.80      -1.70
  72     -13.10      -2.50
  73     -13.30      -1.70
  74     -13.10      -2.50
  75     -13.30      -1.70
  76     -12.80      -2.70
  77     -13.30      -1.70
  78     -13.10      -2.50
  79     -13.30      -1.70
  80     -12.80      -2.70
  81     -13.30      -1.70
  82     -12.70      -2.40
  83     -13.30      -1.70
  84     -12.50      -1.70
  85      -9.20      -2.10
  86     -13.10      -2.50
  87     -13.30      -1.70
  88     -13.10      -2.50
  89     -13.10      -2.50
  90     -13.30      -1.70
  91     -13.30      -1.70
  92     -11.00      -2.40
  93     -11.90      -2.30
  94     -13.30      -1.70
  95     -13.30      -1.70
  96     -12.70      -2.40
  97     -12.80      -2.70
  98     -13.30      -1.70
  99     -13.10      -2.50
 100     -10.10      -1.70
 101     -11.30      -2.60
 102     -13.30      -1.70
 103     -13.10      -2.50
 104     -12.50      -1.70
 105     -13.30      -1.70
 106     -13.10      -2.50
 107     -13.10      -2.50
 108     -13.30      -1.70
 109     -13.30      -1.70
 110     -13.10      -2.50
 111     -13.30      -1.70
 112     -12.50      -1.70
 113     -12.80      -2.70
 114     -13.10      -2.50
 115     -13.10      -2.50
 116     -13.10      -2.50
 117     -12.80      -2.70
 118     -12.80      -2.70
 119     -13.10      -2.50
 120      -8.40      -0.80
 121     -13.30      -1.70
 122     -12.80      -2.70
 123     -13.30      -1.70
 124     -13.10      -2.50
 125     -13.30      -1.70
 126     -12.70      -2.40
 127     -13.10      -2.50
 128     -11.00      -2.40
 129      -9.40      -0.70
 130      -9.20      -2.10
 131     -11.90      -2.30
 132     -12.70      -2.40
 133     -13.30      -1.70
 134     -13.30      -1.70
 135     -12.80      -2.70
 136     -13.30      -1.70
 137     -12.70      -2.40
 138     -12.50      -1.70
 139     -13.30      -1.70
 140     -13.10      -2.50
 141     -13.10      -2.50
 142     -13.10      -2.50
 143     -13.10      -2.50
 144     -13.30      -1.70
 145     -13.10      -2.50
 146     -13.30      -1.70
 147     -13.30      -1.70
 148     -13.10      -2.50
 149     -13.10      -2.50
 150     -12.70      -2.40
 151     -13.30      -1.70
 152     -13.10      -2.50
 153     -13.30      -1.70
 154     -13.30      -1.70
 155     -13.10      -2.50
 156     -13.30      -1.70
 157     -11.20      -1.70
 158     -13.30      -1.70
 159     -13.30      -1.70
 160     -13.30      -1.70
 161     -13.30      -1.70
 162     -12.80      -2.70
 163     -13.10      -2.50
 164     -11.90      -2.30
 165     -13.10      -2.50
 166     -13.30      -1.70
 167     -13.30      -1.70
 168     -12.70      -2.40
 169     -12.70      -2.40
 170     -12.50      -1.70
 171     -13.10      -2.50
 172     -13.10      -2.50
 173     -12.80      -2.70
 174     -13.10      -2.50
 175     -13.30      -1.70
 176     -13.30      -1.70
 177     -12.50      -1.70
 178     -12.80      -2.70
 179     -13.30      -1.70
 180     -12.80      -2.70
 181     -12.80      -2.70
 182     -12.80      -2.70
 183     -13.10      -2.50
 184     -13.10      -2.50
 185     -10.40      -0.50
 186     -12.70      -2.40
 187     -13.30      -1.70
 188     -11.20      -1.70
 189     -13.30      -1.70
 190     -13.30      -1.70
 191     -13.30      -1.70
 192     -13.10      -2.50
 193     -13.10      -2.50
 194     -10.70      -2.70
 195     -13.30      -1.70
 196     -10.40      -2.40
 197     -13.30      -1.70
 198     -13.30      -1.70
 199     -11.40      -2.40
 200      -8.60      -1.10
 201     -12.70      -2.40
 202     -13.10      -2.50
 203     -13.30      -1.70
 204     -13.30      -1.70
 205     -13.10      -2.50
 206     -13.10      -2.50
 207     -11.00      -2.40
 208     -12.80      -2.70
 209     -12.50      -1.70
 210     -13.10      -2.50
 211     -12.80      -2.70
 212     -10.40      -0.50
 213     -13.10      -2.50
 214     -13.30      -1.70
 215     -13.10      -2.50
 216      -9.50      -1.70
 217     -11.90      -2.30
 218     -13.30      -1.70
 219     -12.70      -2.40
 220     -13.10      -2.50
 221     -12.50      -1.70
 222     -12.80      -2.70
 223     -13.10      -2.50
 224     -12.50      -1.70
 225     -13.30      -1.70
 226     -13.30      -1.70
 227     -13.10      -2.50
 228     -13.30      -1.70
 229     -12.70      -2.40
 230     -11.00      -2.40
 231     -13.10      -2.50
 232     -12.80      -2.70
 233     -12.50      -1.70
 234     -12.70      -2.40
 235     -12.70      -2.40
 236     -11.00      -2.40
 237     -13.10      -2.50
 238     -13.10      -2.50
 239     -11.20      -1.70
 240     -12.70      -2.40
 241     -13.30      -1.70
 242     -13.30      -1.70
 243     -13.30      -1.70
 244     -12.70      -2.40
 245     -13.30      -1.70
 246     -13.10      -2.50
 247     -13.10      -2.50
 248     -12.80      -2.70
 249     -12.80      -2.70
 250     -10.00      -1.80
 251     -13.30      -1.70
 252     -12.50      -1.70
 253      -9.40      -1.10
 254     -13.30      -1.70
 255     -13.10      -2.50
 256     -12.70      -2.40
 257     -13.10      -2.50
 258     -12.50      -1.70
 259     -13.30      -1.70
 260     -11.30      -2.60
 261     -12.70      -2.40
 262     -13.30      -1.70
 263     -12.80      -2.70
 264     -12.70      -2.40
 265     -12.80      -2.70
 266      -9.40      -2.00
 267     -13.30      -1.70
 268     -11.00      -3.00
 269     -13.10      -2.50
 270     -13.30      -1.70
 271     -13.30      -1.70
 272     -13.10      -2.50
 273     -13.30      -1.70
 274     -12.70      -2.40
 275     -13.30      -1.70
 276     -12.50      -1.70
 277     -12.80      -2.70
 278     -12.50      -1.70
 279     -12.70      -2.40
 280     -12.80      -2.70
 281     -12.70      -2.40
 282     -11.90      -2.30
 283     -13.30      -1.70
 284     -13.30      -1.70
 285     -12.80      -2.70
 286     -12.70      -2.40
 287     -13.30      -1.70
 288     -12.70      -2.40
 289     -13.10      -2.50
 290     -13.10      -2.50
 291     -11.20      -1.70
 292     -13.10      -2.50
 293     -12.80      -2.70
 294      -8.50      -0.80
 295     -12.70      -2.40
 296      -8.30      -3.00
 297     -12.80      -2.70
 298     -13.30      -1.70
 299     -12.70      -2.40
 300     -13.10      -2.50
 301     -13.30      -1.70
 302     -11.20      -1.70
 303     -11.30      -2.60
 304     -11.20      -1.70
 305     -13.30      -1.70
 306     -12.50      -1.70
 307     -12.80      -2.70
 308     -13.10      -2.50
 309     -13.30      -1.70
 310     -13.10      -2.50
 311     -13.10      -2.50
 312     -13.10      -2.50
 313     -13.10      -2.50
 314     -11.00      -2.40
 315      -7.40      -0.50
 316     -13.10      -2.50
 317     -11.30      -2.60
 318     -13.10      -2.50
 319     -13.30      -1.70
 320     -12.70      -2.40
 321     -13.10      -2.50
 322     -13.30      -1.70
 323     -13.30      -1.70
 324     -13.30      -1.70
 325     -13.10      -2.50
 326     -12.80      -2.70
 327     -13.10      -2.50
 328     -13.30      -1.70
 329     -12.50      -1.70
 330     -11.30      -2.60
 331     -13.10      -2.50
 332     -12.50      -1.70
 333      -9.50      -1.70
 334     -12.50      -1.70
 335     -13.30      -1.70
 336     -13.10      -2.50
 337     -13.30      -1.70
 338     -12.80      -2.70
 339     -13.30      -1.70
 340     -12.50      -1.70
 341     -12.80      -2.70
 342     -13.10      -2.50
 343     -13.30      -1.70
 344     -12.50      -1.70
 345     -11.90      -2.30
 346     -13.10      -2.50
 347     -13.30      -1.70
 348     -11.00      -2.40
 349     -12.80      -2.70
 350     -13.30      -1.70
 351     -13.30      -1.70
 352     -12.50      -1.70
 353     -13.10      -2.50
 354     -13.10      -2.50
 355     -13.10      -2.50
 356      -8.80      -1.50
 357     -13.30      -1.70
 358     -13.30      -1.70
 359     -11.30      -2.60
 360     -10.60      -1.70
 361     -12.70      -2.40
 362     -13.10      -2.50
 363     -12.70      -2.40
 364     -13.30      -1.70
 365     -13.10      -2.50
 366     -12.80      -2.70
 367     -12.80      -2.70
 368     -12.50      -1.70
 369     -12.50      -1.70
 370     -12.50      -1.70
 371     -11.40      -2.40
 372     -12.80      -2.70
 373     -12.70      -2.40
 374     -12.70      -2.40
 375     -10.80      -1.80
 376     -11.00      -2.40
 377     -13.10      -2.50
 378     -13.30      -1.70
 379     -12.50      -1.70
 380      -9.80      -1.20
 381     -12.70      -2.40
 382     -10.80      -1.70
 383     -12.50      -1.70
 384     -13.10      -2.50
 385     -12.80      -2.70
 386     -12.50      -1.70
 387     -11.00      -2.40
 388     -13.10      -2.50
 389     -11.90      -2.30
 390     -12.50      -1.70
 391     -13.30      -1.70
 392     -13.10      -2.50
 393     -13.30      -1.70
 394     -13.30      -1.70
 395     -12.50      -1.70
 396     -12.50      -1.70
 397     -13.30      -1.70
 398     -12.80      -2.70
 399     -13.30      -1.70
 400     -13.10      -2.50
 401     -13.10      -2.50
 402      -9.20      -2.10
 403     -12.50      -1.70
 404     -12.50      -1.70
 405     -12.80      -2.70
 406     -12.70      -2.40
 407     -13.30      -1.70
 408     -10.80      -1.80
 409     -12.70      -2.40
 410     -12.50      -1.70
 411     -10.70      -2.70
 412     -13.10      -2.50
 413     -12.70      -2.40
 414     -13.30      -1.70
 415     -13.30      -1.70
 416     -13.10      -2.50
 417     -13.10      -2.50
 418     -10.40      -0.50
 419     -11.30      -1.70
 420     -13.30      -1.70
 421     -13.30      -1.70
 422     -13.10      -2.50
 423     -13.10      -2.50
 424     -13.30      -1.70
 425     -13.10      -2.50
 426     -13.10      -2.50
 427     -13.30      -1.70
 428     -13.10      -2.50
 429     -12.80      -2.70
 430     -13.10      -2.50
 431     -13.30      -1.70
 432     -11.30      -1.70
 433     -12.50      -1.70
 434     -11.40      -2.40
 435     -13.10      -2.50
 436     -12.70      -2.40
 437     -11.90      -2.30
 438     -13.10      -2.50
 439     -13.30      -1.70
 440     -13.30      -1.70
 441     -12.70      -2.40
 442     -13.10      -2.50
 443     -12.50      -1.70
 444     -10.80      -1.80
 445     -12.80      -2.70
 446     -13.30      -1.70
 447      -8.50      -1.80
 448     -13.10      -2.50
 449     -13.30      -1.70
 450     -13.10      -2.50
 451     -13.30      -1.70
 452     -13.30      -1.70
 453     -10.70      -1.70
 454     -13.30      -1.70
 455     -13.10      -2.50
 456     -13.30      -1.70
 457     -11.30      -2.60
 458     -12.80      -2.70
 459     -12.70      -2.40
 460     -10.80      -1.70
 461     -13.30      -1.70
 462     -13.30      -1.70
 463     -13.30      -1.70
 464     -12.80      -2.70
 465     -13.10      -2.50
 466     -13.30      -1.70
 467     -13.10      -2.50
 468     -11.90      -2.30
 469     -13.30      -1.70
 470     -12.50      -1.70
 471     -11.40      -2.40
 472     -13.10      -2.50
 473     -13.30      -1.70
 474     -12.70      -2.40
 475     -12.80      -2.70
 476     -13.10      -2.50
 477     -12.70      -2.40
 478     -12.70      -2.40
 479     -12.80      -2.70
 480     -13.30      -1.70
 481     -12.80      -2.70
 482     -11.40      -2.40
 483     -12.50      -1.70
 484     -13.30      -1.70
 485     -13.10      -2.50
 486     -13.30      -1.70
 487     -12.50      -1.70
 488     -12.50      -1.70
 489     -13.30      -1.70
 490     -11.90      -2.30
 491     -12.80      -2.70
 492     -12.70      -2.40
 493     -13.30      -1.70
 494     -13.30      -1.70
 495     -13.10      -2.50
 496     -12.70      -2.40
 497     -13.10      -2.50
 498     -12.80      -2.70
 499     -13.30      -1.70
 500     -13.10      -2.50
 501     -13.30      -1.70
 502     -12.70      -2.40
 503     -12.50      -1.70
 504     -12.80      -2.70
 505     -12.80      -2.70
 506     -11.40      -2.40
 507     -13.10      -2.50
 508     -13.10      -2.50
 509     -13.30      -1.70
 510     -13.30      -1.70
 511     -11.90      -2.30
 512      -9.60      -2.20
 513     -12.80      -2.70
 514     -13.30      -1.70
 515     -12.70      -2.40
 516     -12.70      -2.40
 517     -10.80      -1.70
 518     -13.10      -2.50
 519     -13.30      -1.70
 520     -12.80      -2.70
 521     -13.30      -1.70
 522     -13.30      -1.70
 523     -13.30      -1.70
 524     -13.10      -2.50
 525     -13.30      -1.70
 526     -12.50      -1.70
 527     -10.50      -2.40
 528     -12.50      -1.70
 529     -12.70      -2.40
 530     -13.30      -1.70
 531     -13.10      -2.50
 532     -13.10      -2.50
 533     -12.50      -1.70
 534     -13.10      -2.50
 535     -12.50      -1.70
 536     -12.80      -2.70
 537     -13.10      -2.50
 538     -10.50      -2.20
 539     -13.30      -1.70
 540     -11.20      -1.70
 541     -13.30      -1.70
 542     -13.10      -2.50
 543     -11.30      -1.70
 544     -13.10      -2.50
 545     -12.70      -2.40
 546     -13.10      -2.50
 547     -12.80      -2.70
 548     -11.40      -2.40
 549     -12.70      -2.40
 550     -13.30      -1.70
 551     -13.10      -2.50
 552     -12.50      -1.70
 553     -13.30      -1.70
 554     -12.80      -2.70
 555     -12.80      -2.70
 556     -13.30      -1.70
 557     -13.10      -2.50
 558     -11.20      -1.70
 559     -12.80      -2.70
 560     -12.50      -1.70
 561     -12.50      -1.70
 562     -12.80      -2.70
 563     -13.30      -1.70
 564     -13.10      -2.50
 565     -13.10      -2.50
 566     -12.50      -1.70
 567     -12.70      -2.40
 568     -13.10      -2.50
 569     -12.50      -1.70
 570     -13.10      -2.50
 571     -13.10      -2.50
 572      -9.90      -1.20
 573     -13.30      -1.70
 574     -12.70      -2.40
 575     -12.80      -2.70
 576     -12.70      -2.40
 577     -13.10      -2.50
 578     -12.70      -2.40
 579     -12.80      -2.70
 580     -13.30      -1.70
 581     -11.90      -2.30
 582     -13.30      -1.70
 583     -12.80      -2.70
 584     -13.30      -1.70
 585     -13.10      -2.50
 586     -12.70      -2.40
 587     -13.10      -2.50
 588     -13.10      -2.50
 589     -12.70      -2.40
 590     -10.80      -1.80
 591     -12.80      -2.70
 592     -13.10      -2.50
 593     -10.40      -0.50
 594     -13.10      -2.50
 595     -12.80      -2.70
 596     -12.70      -2.40
 597     -13.30      -1.70
 598     -13.10      -2.50
 599     -12.50      -1.70
 600     -13.30      -1.70
 601     -13.30      -1.70
 602     -13.30      -1.70
 603     -13.30      -1.70
 604     -12.70      -2.40
 605     -12.80      -2.70
 606     -12.70      -2.40
 607     -13.30      -1.70
 608     -13.30      -1.70
 609     -12.50      -1.70
 610     -13.30      -1.70
 611     -12.70      -2.40
 612     -13.30      -1.70
 613     -10.70      -2.70
 614     -12.80      -2.70
 615     -12.80      -2.70
 616     -11.00      -3.00
 617     -12.80      -2.70
 618     -12.80      -2.70
 619     -11.90      -2.30
 620     -13.10      -2.50
 621     -13.10      -2.50
 622     -12.80      -2.70
 623     -13.10      -2.50
 624     -12.50      -1.70
 625     -12.70      -2.40
 626     -11.20      -1.70
 627     -13.30      -1.70
 628     -11.30      -2.60
 629     -12.80      -2.70
 630     -12.80      -2.70
 631     -13.10      -2.50
 632     -13.30      -1.70
 633     -12.70      -2.40
 634     -13.30      -1.70
 635     -13.30      -1.70
 636     -12.70      -2.40
 637     -12.70      -2.40
 638     -13.30      -1.70
 639     -13.30      -1.70
 640     -13.30      -1.70
 641     -13.30      -1.70
 642     -12.80      -2.70
 643     -12.50      -1.70
 644     -13.30      -1.70
 645     -12.50      -1.70
 646     -13.30      -1.70
 647     -13.10      -2.50
 648     -12.80      -2.70
 649     -13.10      -2.50
 650     -13.10      -2.50
 651     -13.10      -2.50
 652     -13.30      -1.70
 653     -13.10      -2.50
 654     -13.10      -2.50
 655     -12.50      -1.70
 656     -13.10      -2.50
 657     -13.30      -1.70
 658     -13.10      -2.50
 659     -12.80      -2.70
 660     -11.40      -2.40
 661     -13.10      -2.50
 662     -12.80      -2.70
 663     -13.30      -1.70
 664     -13.30      -1.70
 665     -12.50      -1.70
 666     -13.10      -2.50
 667     -12.70      -2.40
 668     -12.50      -1.70
 669     -12.70      -2.40
 670     -11.00      -3.00
 671     -13.10      -2.50
 672     -12.80      -2.70
 673     -13.10      -2.50
 674      -8.50      -0.80
 675     -12.80      -2.70
 676     -12.80      -2.70
 677     -12.70      -2.40
 678     -13.30      -1.70
 679     -13.30      -1.70
 680     -13.30      -1.70
 681     -12.80      -2.70
 682     -13.30      -1.70
 683     -12.50      -1.70
 684     -11.00      -2.40
 685     -12.70      -2.40
 686     -13.10      -2.50
 687     -12.50      -1.70
 688     -13.10      -2.50
 689     -12.70      -2.40
 690     -12.80      -2.70
 691     -13.30      -1.70
 692     -10.50      -2.40
 693     -13.30      -1.70
 694     -12.70      -2.40
 695     -13.30      -1.70
 696     -12.80      -2.70
 697     -12.80      -2.70
 698     -12.70      -2.40
 699     -12.80      -2.70
 700     -10.20      -1.30
 701     -13.30      -1.70
 702     -11.40      -2.40
 703     -13.10      -2.50
 704     -12.80      -2.70
 705     -13.10      -2.50
 706     -13.30      -1.70
 707     -13.10      -2.50
 708     -10.10      -1.70
 709     -12.80      -2.70
 710     -13.10      -2.50
 711     -12.50      -1.70
 712     -12.70      -2.40
 713     -10.50      -2.20
 714     -10.00      -2.00
 715     -13.30      -1.70
 716     -11.30      -2.60
 717     -13.10      -2.50
 718     -11.00      -3.00
 719     -12.80      -2.70
 720     -13.30      -1.70
 721     -13.30      -1.70
 722     -12.50      -1.70
 723     -13.10      -2.50
 724     -13.30      -1.70
 725     -13.30      -1.70
 726     -13.10      -2.50
 727     -13.30      -1.70
 728     -13.30      -1.70
 729      -8.50      -0.70
 730     -13.10      -2.50
 731      -8.70      -1.70
 732     -13.10      -2.50
 733     -11.30      -1.70
 734     -13.10      -2.50
 735     -13.10      -2.50
 736     -13.30      -1.70
 737     -12.80      -2.70
 738     -12.80      -2.70
 739     -13.30      -1.70
 740     -10.80      -1.80
 741     -13.10      -2.50
 742     -13.30      -1.70
 743     -12.80      -2.70
 744     -13.10      -2.50
 745     -13.10      -2.50
 746     -13.30      -1.70
 747     -11.00      -2.40
 748     -11.90      -2.30
 749     -12.80      -2.70
 750     -12.80      -2.70
 751     -12.50      -1.70
 752     -13.30      -1.70
 753     -13.30      -1.70
 754     -12.80      -2.70
 755     -12.80      -2.70
 756     -13.30      -1.70
 757     -12.70      -2.40
 758     -13.30      -1.70
 759     -10.50      -2.20
 760     -13.30      -1.70
 761     -13.10      -2.50
 762     -13.30      -1.70
 763     -12.50      -1.70
 764     -13.10      -2.50
 765     -12.80      -2.70
 766     -12.80      -2.70
 767     -13.30      -1.70
 768     -11.40      -2.40
 769     -12.80      -2.70
 770     -11.40      -2.40
 771     -13.10      -2.50
 772     -13.10      -2.50
 773     -12.80      -2.70
 774     -13.10      -2.50
 775     -13.30      -1.70
 776     -13.10      -2.50
 777     -12.70      -2.40
 778     -13.30      -1.70
 779     -12.80      -2.70
 780     -13.30      -1.70
 781     -13.30      -1.70
 782     -13.10      -2.50
 783     -13.30      -1.70
 784     -12.80      -2.70
 785     -10.70      -1.70
 786     -12.80      -2.70
 787     -13.10      -2.50
 788     -13.10      -2.50
 789     -13.30      -1.70
 790     -11.90      -2.30
 791     -13.30      -1.70
 792     -13.10      -2.50
 793     -12.50      -1.70
 794     -12.80      -2.70
 795     -12.80      -2.70
 796     -13.10      -2.50
 797     -13.30      -1.70
 798     -12.80      -2.70
 799     -13.30      -1.70
 800     -12.50      -1.70
 801     -13.10      -2.50
 802     -12.70      -2.40
 803     -13.30      -1.70
 804     -12.70      -2.40
 805     -12.70      -2.40
 806     -11.40      -2.40
 807     -11.00      -2.40
 808     -13.10      -2.50
 809     -13.30      -1.70
 810     -13.30      -1.70
 811     -11.00      -3.00
 812     -13.30      -1.70
 813     -12.80      -2.70
 814     -13.30      -1.70
 815     -13.30      -1.70
 816     -13.30      -1.70
 817     -13.30      -1.70
 818      -9.20      -2.10
 819     -11.30      -1.70
 820     -11.40      -2.40
 821     -13.10      -2.50
 822     -13.10      -2.50
 823     -13.30      -1.70
 824     -13.30      -1.70
 825     -13.10      -2.50
 826     -13.30      -1.70
 827     -12.80      -2.70
 828     -12.70      -2.40
 829     -11.30      -1.70
 830     -13.30      -1.70
 831     -12.50      -1.70
 832     -13.10      -2.50
 833     -13.30      -1.70
 834     -10.80      -1.70
 835     -13.30      -1.70
 836     -13.30      -1.70
 837     -12.80      -2.70
 838     -12.70      -2.40
 839     -13.30      -1.70
 840     -13.30      -1.70
 841     -11.30      -1.70
 842      -9.60      -0.50
 843     -12.70      -2.40
 844     -13.10      -2.50
 845     -11.90      -2.30
 846     -10.50      -2.40
 847     -13.30      -1.70
 848     -13.10      -2.50
 849     -13.30      -1.70
 850     -13.10      -2.50
 851     -11.40      -2.40
 852     -12.70      -2.40
 853     -10.70      -1.70
 854     -12.80      -2.70
 855     -13.30      -1.70
 856     -13.30      -1.70
 857     -12.70      -2.40
 858     -13.30      -1.70
 859     -13.10      -2.50
 860     -13.30      -1.70
 861     -13.30      -1.70
 862     -13.30      -1.70
 863     -13.30      -1.70
 864     -12.50      -1.70
 865     -13.30      -1.70
 866     -13.10      -2.50
 867     -13.30      -1.70
 868     -13.30      -1.70
 869     -11.30      -2.60
 870     -13.30      -1.70
 871     -13.30      -1.70
 872     -12.70      -2.40
 873     -10.00      -2.30
 874     -13.10      -2.50
 875     -13.10      -2.50
 876     -11.90      -2.30
 877      -8.90      -2.50
 878     -13.10      -2.50
 879     -13.30      -1.70
 880     -13.30      -1.70
 881     -11.30      -1.70
 882      -8.40      -1.70
 883     -12.80      -2.70
 884     -13.10      -2.50
 885     -13.30      -1.70
 886     -12.50      -1.70
 887     -12.50      -1.70
 888     -13.10      -2.50
 889     -13.30      -1.70
 890     -12.70      -2.40
 891     -12.70      -2.40
 892     -11.40      -2.40
 893     -12.80      -2.70
 894     -12.80      -2.70
 895     -13.30      -1.70
 896     -13.30      -1.70
 897     -13.10      -2.50
 898     -12.70      -2.40
 899     -11.90      -2.30
 900     -12.80      -2.70
 901     -12.50      -1.70
 902     -13.10      -2.50
 903     -13.30      -1.70
 904     -13.10      -2.50
 905     -13.30      -1.70
 906     -13.30      -1.70
 907     -11.30      -2.60
 908     -13.30      -1.70
 909     -12.70      -2.40
 910     -13.10      -2.50
 911      -9.80      -1.20
 912     -10.10      -1.70
 913     -12.50      -1.70
 914     -11.00      -2.40
 915     -12.70      -2.40
 916     -13.10      -2.50
 917     -13.10      -2.50
 918     -13.30      -1.70
 919     -13.30      -1.70
 920     -11.90      -2.30
 921     -13.10      -2.50
 922     -13.30      -1.70
 923     -12.70      -2.40
 924     -13.30      -1.70
 925     -12.80      -2.70
 926     -12.50      -1.70
 927     -12.70      -2.40
 928     -12.50      -1.70
 929     -13.10      -2.50
 930     -13.30      -1.70
 931     -13.10      -2.50
 932     -11.30      -2.60
 933     -13.10      -2.50
 934     -13.30      -1.70
 935     -11.30      -1.70
 936     -13.30      -1.70
 937     -13.30      -1.70
 938     -13.10      -2.50
 939     -13.10      -2.50
 940     -13.30      -1.70
 941     -12.70      -2.40
 942     -12.80      -2.70
 943     -12.80      -2.70
 944     -13.10      -2.50
 945     -13.10      -2.50
 946     -10.70      -1.70
 947     -13.30      -1.70
 948     -12.80      -2.70
 949     -12.80      -2.70
 950     -11.90      -2.30
 951      -8.40      -2.50
 952     -12.50      -1.70
 953     -13.30      -1.70
 954     -13.30      -1.70
 955     -11.90      -2.30
 956     -12.80      -2.70
 957     -12.70      -2.40
 958     -12.80      -2.70
 959     -12.50      -1.70
 960     -11.90      -2.30
 961     -11.20      -1.70
 962     -12.80      -2.70
 963     -12.50      -1.70
 964     -13.30      -1.70
 965     -13.30      -1.70
 966     -12.50      -1.70
 967     -12.80      -2.70
 968      -8.80      -1.70
 969     -13.30      -1.70
 970     -13.30      -1.70
 971     -12.70      -2.40
 972     -13.30      -1.70
 973     -13.30      -1.70
 974     -13.30      -1.70
 975     -13.10      -2.50
 976     -12.70      -2.40
 977     -12.80      -2.70
 978     -13.10      -2.50
 979     -13.10      -2.50
 980      -7.60      -2.20
 981     -13.30      -1.70
 982     -12.70      -2.40
 983     -12.80      -2.70
 984     -11.90      -2.30
 985     -12.50      -1.70
 986     -13.30      -1.70
 987     -12.50      -1.70
 988     -13.30      -1.70
 989     -12.80      -2.70
 990     -13.10      -2.50
 991      -6.90      -1.70
 992     -12.80      -2.70
 993     -13.10      -2.50
 994     -12.50      -1.70
 995     -13.30      -1.70
 996     -13.10      -2.50
 997     -13.30      -1.70
 998     -12.80      -2.70
 999     -13.30      -1.70
1000     -13.10      -2.50
