    1 G  0.000 0.000 0.000 0.000 0.041 0.041
    2 A  0.000 0.000 0.000 0.000 0.008 0.008
    3 G  0.000 0.000 0.001 0.000 0.005 0.006
    4 G  0.002 0.000 0.000 0.003 0.004 0.009
    5 A  0.030 0.013 0.408 0.542 0.004 0.997
    6 A  0.031 0.013 0.410 0.511 0.004 0.969
    7 G  0.062 0.013 0.408 0.379 0.004 0.866
    8 U  0.066 0.013 0.106 0.256 0.004 0.445
    9 C  0.184 0.016 0.104 0.231 0.004 0.539
   10 C  0.312 0.312 0.104 0.001 0.004 0.733
   11 U  0.529 0.308 0.103 0.000 0.003 0.943
   12 G  0.530 0.308 0.107 0.023 0.020 0.988
   13 A  0.389 0.309 0.110 0.023 0.011 0.842
   14 U  0.373 0.299 0.097 0.034 0.007 0.810
   15 G  0.003 0.299 0.132 0.178 0.007 0.619
   16 A  0.000 0.299 0.133 0.443 0.007 0.882
   17 G  0.000 0.001 0.000 0.001 0.000 0.002
   18 G  0.000 0.000 0.000 0.000 0.000 0.000
   19 C  0.000 0.000 0.000 0.000 0.000 0.000
   20 C  0.000 0.000 0.000 0.000 0.000 0.000
   21 G  1.000 0.000 0.000 0.000 0.000 1.000
   22 A  1.000 0.000 0.000 0.000 0.000 1.000
   23 A  1.000 0.000 0.000 0.000 0.000 1.000
   24 A  1.000 0.000 0.000 0.000 0.000 1.000
   25 G  0.000 0.000 0.000 0.000 0.000 0.000
   26 G  0.000 0.000 0.000 0.000 0.000 0.000
   27 C  0.000 0.002 0.000 0.000 0.000 0.002
   28 C  0.000 0.002 0.000 0.001 0.000 0.003
   29 G  0.000 0.010 0.133 0.544 0.006 0.693
   30 A  0.000 0.011 0.137 0.544 0.006 0.698
   31 A  0.001 0.010 0.413 0.544 0.006 0.974
   32 A  0.001 0.016 0.413 0.546 0.009 0.985
   33 C  0.001 0.014 0.002 0.005 0.009 0.031
   34 C  0.001 0.014 0.005 0.000 0.012 0.032
   35 U  0.000 0.000 0.000 0.000 0.014 0.014
   36 C  0.000 0.000 0.000 0.000 0.023 0.023
   37 G  0.000 0.000 0.001 0.000 0.985 0.986
   38 U  0.000 0.000 0.000 0.000 0.990 0.990
   39 G  0.000 0.000 0.000 0.000 1.000 1.000
