
Sfold Executable Code for Academic Users, Version 2.2-20110126
  <Structure clustering module>

Read 1000000 items
Determining optimal number of clusters...
 2   162.15
 3    76.92
 4    61.39
 5    49.18
 6    42.22
 7    36.02
 8    66.05
 9    58.07
10   201.55
11   334.61
12   305.77
13   282.31
14   820.39
15   771.67
16   732.32
17   702.61
18   735.11
19   716.40
20   695.91


Sequence length            = 39
Clustering method          = divisive
Optimal number of clusters = 14

Cluster                 : 1
Maximum Distance        : 3
Minimum Distance        : 0
Average Distance        : 0.10
Standard Deviation      : 0.33
Coefficient of Variance : 3.18
Probability             : 303/1000 = 0.303
Cluster MFE (Structure 1): -15.00
Elements: 1 6 7 8 10 12 13 14 21 22 23 25 28 35 39 50 53 55 60 68 70 71 73 75 77 79 81 83 87 90 91 94 95 98 100 102 105 108 109 111 121 123 125 133 134 136 139 144 146 147 151 153 154 156 158 159 160 161 166 167 175 176 179 185 187 189 190 191 195 197 198 203 204 212 214 218 225 226 228 241 242 243 245 251 254 259 262 267 270 271 273 275 283 284 287 298 301 305 309 319 322 323 324 328 335 337 339 343 347 350 351 357 358 364 378 382 391 393 394 397 399 407 414 415 418 420 421 424 427 431 439 440 446 449 451 452 454 456 460 461 462 463 466 469 473 480 484 486 489 493 494 499 501 509 510 514 517 519 521 522 523 525 530 539 541 550 553 556 563 573 580 582 584 593 597 600 601 602 603 607 608 610 612 627 632 634 635 638 639 640 641 644 646 652 657 663 664 678 679 680 682 691 693 695 701 706 708 715 720 721 724 725 727 728 731 736 739 742 746 752 753 756 758 760 762 767 775 778 780 781 783 789 791 797 799 803 809 810 812 814 815 816 817 823 824 826 830 833 834 835 836 839 840 847 849 855 856 858 860 861 862 863 865 867 868 870 871 879 880 885 889 895 896 903 905 906 908 912 918 919 922 924 930 934 936 937 940 947 953 954 964 965 969 970 972 973 974 981 986 988 995 997 999

Cluster                 : 2
Maximum Distance        : 2
Minimum Distance        : 0
Average Distance        : 0.02
Standard Deviation      : 0.13
Coefficient of Variance : 7.53
Probability             : 230/1000 = 0.230
Cluster MFE (Structure 2): -15.60
Elements: 2 5 9 16 20 24 30 32 33 34 36 38 44 52 54 56 63 64 72 74 78 86 88 89 99 103 106 107 110 114 115 116 119 124 127 140 141 142 143 145 148 149 152 155 163 165 171 172 174 183 184 192 193 202 205 206 210 213 215 220 223 227 231 237 238 246 247 255 257 269 272 289 290 292 300 308 310 311 312 313 316 318 321 325 327 331 336 342 346 353 354 355 362 365 377 384 388 392 400 401 412 416 417 422 423 425 426 428 430 435 438 442 448 450 455 465 467 472 476 485 495 497 500 507 508 518 524 531 532 534 537 542 544 546 551 557 564 565 568 570 571 577 585 587 588 592 594 598 620 621 623 631 647 649 650 651 653 654 656 658 661 666 671 673 686 688 700 703 705 707 710 717 723 726 730 732 734 735 741 744 745 761 764 771 772 774 776 782 787 788 792 796 801 808 821 822 825 832 844 848 850 859 866 874 875 877 878 884 888 897 902 904 910 916 917 921 929 931 933 938 939 944 945 975 978 979 990 993 996 1000

