    1 G C  0.041 0.008 0.004
    2 A T  0.008 0.005 0.004
    3 G C  0.006 0.004 0.004
    4 G C  0.009 0.008 0.008
    5 A T  0.997 0.966 0.409
    6 A T  0.969 0.835 0.354
    7 G C  0.866 0.441 0.152
    8 U A  0.445 0.389 0.129
    9 C G  0.539 0.306 0.278
   10 C G  0.733 0.705 0.562
   11 U A  0.943 0.942 0.759
   12 G C  0.988 0.838 0.422
   13 A T  0.842 0.795 0.422
   14 U A  0.810 0.439 0.001
   15 G C  0.619 0.616 0.000
   16 A T  0.882 0.002 0.000
   17 G C  0.002 0.000 0.000
   18 G C  0.000 0.000 0.000
   19 C G  0.000 0.000 0.000
   20 C G  0.000 0.000 0.000
   21 G C  1.000 1.000 1.000
   22 A T  1.000 1.000 0.000
   23 A T  1.000 1.000 0.000
   24 A T  1.000 0.000 0.000
   25 G C  0.000 0.000 0.000
   26 G C  0.000 0.000 0.000
   27 C G  0.002 0.002 0.002
   28 C G  0.003 0.003 0.003
   29 G C  0.693 0.691 0.652
   30 A T  0.698 0.672 0.021
   31 A T  0.974 0.960 0.017
   32 A T  0.985 0.031 0.009
   33 C G  0.031 0.026 0.009
   34 C G  0.032 0.012 0.012
   35 U A  0.014 0.014 0.014
   36 C G  0.023 0.023 0.023
   37 G C  0.986 0.985 0.000
   38 U A  0.990 0.990 0.000
   39 G C  1.000 0.000 0.000
