     1     -15.00
     2     -15.00
     3     -15.00
     4     -15.00
     5     -15.00
     6     -15.00
     7     -15.00
     8     -15.00
     9     -12.50
    10     -15.00
    11     -15.00
    12     -15.00
    13     -15.00
    14     -15.00
    15      -9.70
    16     -15.00
    17     -15.00
    18     -15.00
    19     -15.00
    20     -15.00
    21     -15.00
    22     -12.50
    23     -15.00
    24     -15.00
    25     -15.00
    26     -15.00
    27     -15.00
    28     -15.00
    29     -15.00
    30     -15.00
    31     -15.00
    32     -15.00
    33     -15.00
    34     -15.00
    35     -11.80
    36     -15.00
    37     -15.00
    38     -15.00
    39     -15.00
    40     -15.00
    41     -15.00
    42     -15.00
    43     -15.00
    44     -15.00
    45     -15.00
    46     -15.00
    47     -15.00
    48     -15.00
    49     -15.00
    50     -15.00
    51     -15.00
    52     -15.00
    53     -15.00
    54     -15.00
    55     -15.00
    56     -15.00
    57     -15.00
    58     -15.00
    59     -15.00
    60     -15.00
    61     -15.00
    62     -15.00
    63     -15.00
    64     -10.90
    65     -15.00
    66     -15.00
    67     -15.00
    68     -15.00
    69     -15.00
    70     -15.00
    71     -15.00
    72     -15.00
    73     -15.00
    74     -10.90
    75     -15.00
    76     -15.00
    77     -15.00
    78     -15.00
    79     -15.00
    80     -15.00
    81     -15.00
    82     -15.00
    83     -15.00
    84     -15.00
    85     -15.00
    86     -15.00
    87     -15.00
    88     -15.00
    89     -15.00
    90     -15.00
    91     -15.00
    92     -15.00
    93     -15.00
    94     -15.00
    95     -15.00
    96     -15.00
    97     -15.00
    98     -15.00
    99     -15.00
   100     -15.00
   101     -15.00
   102     -15.00
   103     -15.00
   104     -15.00
   105     -15.00
   106     -15.00
   107     -15.00
   108     -15.00
   109     -15.00
   110     -15.00
   111     -15.00
   112     -15.00
   113     -15.00
   114     -15.00
   115     -15.00
   116     -12.50
   117     -15.00
   118     -15.00
   119     -15.00
   120     -15.00
   121     -15.00
   122     -15.00
   123     -15.00
   124     -15.00
   125     -10.90
   126     -15.00
   127     -15.00
   128     -15.00
   129     -15.00
   130     -15.00
   131     -15.00
   132     -15.00
   133     -15.00
   134     -15.00
   135     -15.00
   136     -15.00
   137     -15.00
   138     -15.00
   139     -12.50
   140     -15.00
   141     -15.00
   142     -15.00
   143     -15.00
   144     -15.00
   145     -15.00
   146     -15.00
   147     -15.00
   148     -15.00
   149     -15.00
   150     -15.00
   151     -15.00
   152     -15.00
   153     -15.00
   154     -15.00
   155     -15.00
   156     -15.00
   157     -12.50
   158     -15.00
   159     -15.00
   160     -15.00
   161     -15.00
   162     -15.00
   163     -15.00
   164     -15.00
   165     -15.00
   166     -15.00
   167     -15.00
   168     -15.00
   169     -15.00
   170     -15.00
   171     -15.00
   172     -15.00
   173     -15.00
   174     -10.90
   175     -15.00
   176     -15.00
   177     -15.00
   178     -15.00
   179     -15.00
   180     -15.00
   181     -15.00
   182     -15.00
   183     -15.00
   184     -15.00
   185     -15.00
   186     -15.00
   187     -15.00
   188     -15.00
   189     -15.00
   190     -15.00
   191     -15.00
   192     -15.00
   193     -15.00
   194     -15.00
   195     -15.00
   196     -15.00
   197     -15.00
   198     -15.00
   199     -15.00
   200     -15.00
   201     -15.00
   202     -15.00
   203     -15.00
   204     -15.00
   205     -15.00
   206     -15.00
   207     -11.80
   208     -15.00
   209     -15.00
   210     -15.00
   211     -15.00
   212     -15.00
   213     -15.00
   214     -15.00
   215     -10.40
   216     -15.00
   217     -15.00
   218     -15.00
   219     -15.00
   220     -15.00
   221     -15.00
   222     -15.00
   223     -15.00
   224     -15.00
   225     -15.00
   226     -15.00
   227     -15.00
   228     -15.00
   229     -15.00
   230     -15.00
   231     -15.00
   232     -15.00
   233     -15.00
   234     -15.00
   235     -15.00
   236     -15.00
   237     -15.00
   238     -15.00
   239     -15.00
   240     -15.00
   241     -15.00
   242     -15.00
   243     -15.00
   244     -15.00
   245     -15.00
   246     -15.00
   247     -15.00
   248     -15.00
   249     -12.50
   250     -15.00
   251     -15.00
   252     -15.00
   253     -15.00
   254     -15.00
   255     -15.00
   256     -15.00
   257     -15.00
   258     -15.00
   259     -15.00
   260     -15.00
   261     -15.00
   262     -15.00
   263     -15.00
   264     -15.00
   265     -15.00
   266     -15.00
   267     -15.00
   268     -15.00
   269     -15.00
   270     -15.00
   271     -15.00
   272     -15.00
   273     -15.00
   274     -15.00
   275     -15.00
   276     -15.00
   277     -15.00
   278     -11.80
   279     -15.00
   280     -15.00
   281     -15.00
   282     -15.00
   283     -15.00
   284     -15.00
   285     -15.00
   286     -15.00
   287     -15.00
   288     -15.00
   289     -15.00
   290     -15.00
   291     -15.00
   292     -15.00
   293     -15.00
   294     -15.00
   295     -15.00
   296     -15.00
   297     -15.00
   298     -15.00
   299     -15.00
   300     -15.00
   301     -15.00
   302     -15.00
   303     -15.00
