     1     -15.60
     2     -15.60
     3     -15.60
     4     -15.60
     5     -15.60
     6     -15.60
     7     -15.60
     8     -15.60
     9     -15.60
    10     -15.60
    11     -15.60
    12     -15.60
    13     -15.60
    14     -15.60
    15     -15.60
    16     -15.60
    17     -15.60
    18     -15.60
    19     -15.60
    20     -15.60
    21     -15.60
    22     -15.60
    23     -15.60
    24     -15.60
    25     -15.60
    26     -15.60
    27     -15.60
    28     -15.60
    29     -15.60
    30     -15.60
    31     -15.60
    32     -15.60
    33     -15.60
    34     -15.60
    35     -15.60
    36     -15.60
    37     -15.60
    38     -15.60
    39     -15.60
    40     -15.60
    41     -15.60
    42     -15.60
    43     -15.60
    44     -15.60
    45     -15.60
    46     -15.60
    47     -15.60
    48     -15.60
    49     -15.60
    50     -15.60
    51     -15.60
    52     -15.60
    53     -15.60
    54     -15.60
    55     -15.60
    56     -15.60
    57     -15.60
    58     -15.60
    59     -15.60
    60     -15.60
    61     -15.60
    62     -15.60
    63     -15.60
    64     -15.60
    65     -15.60
    66     -15.60
    67     -15.60
    68     -15.60
    69     -15.60
    70     -15.60
    71     -15.60
    72     -15.60
    73     -15.60
    74     -15.60
    75     -15.60
    76     -15.60
    77     -15.60
    78     -15.60
    79     -15.60
    80     -15.60
    81     -15.60
    82     -15.60
    83     -15.60
    84     -15.60
    85     -15.60
    86     -15.60
    87     -15.60
    88     -15.60
    89     -15.60
    90     -15.60
    91     -15.60
    92     -15.60
    93     -15.60
    94     -15.60
    95     -15.60
    96     -15.60
    97     -15.60
    98     -15.60
    99     -15.60
   100     -15.60
   101     -15.60
   102     -15.60
   103     -15.60
   104     -15.60
   105     -15.60
   106     -15.60
   107     -15.60
   108     -15.60
   109     -15.60
   110     -15.60
   111     -15.60
   112     -15.60
   113     -15.60
   114     -15.60
   115     -15.60
   116     -15.60
   117     -15.60
   118     -15.60
   119     -15.60
   120     -15.60
   121     -15.60
   122     -15.60
   123     -15.60
   124     -15.60
   125     -15.60
   126     -15.60
   127     -15.60
   128     -15.60
   129     -15.60
   130     -15.60
   131     -15.60
   132     -15.60
   133     -15.60
   134     -15.60
   135     -15.60
   136     -15.60
   137     -15.60
   138     -15.60
   139     -15.60
   140     -15.60
   141     -15.60
   142     -15.60
   143     -15.60
   144     -15.60
   145     -15.60
   146     -15.60
   147     -15.60
   148     -15.60
   149     -15.60
   150     -15.60
   151     -15.60
   152     -15.60
   153     -15.60
   154     -15.60
   155     -15.60
   156     -15.60
   157     -15.60
   158     -15.60
   159     -15.60
   160     -15.60
   161     -15.60
   162     -15.60
   163     -15.60
   164     -15.60
   165     -15.60
   166     -15.60
   167     -11.50
   168     -15.60
   169     -15.60
   170     -15.60
   171     -15.60
   172     -15.60
   173     -15.60
   174     -15.60
   175     -15.60
   176     -15.60
   177     -15.60
   178     -15.60
   179     -15.60
   180     -15.60
   181     -15.60
   182     -15.60
   183     -15.60
   184     -15.60
   185     -15.60
   186     -15.60
   187     -15.60
   188     -15.60
   189     -15.60
   190     -15.60
   191     -15.60
   192     -15.60
   193     -15.60
   194     -15.60
   195     -15.60
   196     -15.60
   197     -15.60
   198     -15.60
   199     -15.60
   200     -15.60
   201     -15.60
   202     -15.60
   203     -15.60
   204     -15.60
   205     -15.60
   206     -11.40
   207     -15.60
   208     -15.60
   209     -15.60
   210     -15.60
   211     -15.60
   212     -15.60
   213     -15.60
   214     -15.60
   215     -15.60
   216     -15.60
   217     -15.60
   218     -15.60
   219     -15.60
   220     -15.60
   221     -15.60
   222     -15.60
   223     -15.60
   224     -15.60
   225     -15.60
   226     -15.60
   227     -15.60
   228     -15.60
   229     -15.60
   230     -15.60
