Structure 1
1 36
2 35
3 34
4 33
10 15
17 28
18 27
19 26
20 25
Structure 2
1 36
2 35
3 34
4 33
10 15
17 28
18 27
19 26
20 25
Structure 3
1 36
2 35
3 34
4 33
10 15
17 28
18 27
19 26
20 25
Structure 4
1 36
2 35
3 34
4 33
10 15
17 28
18 27
19 26
20 25
Structure 5
1 36
2 35
3 34
4 33
10 15
17 28
18 27
19 26
20 25
Structure 6
1 36
2 35
3 34
4 33
10 15
17 28
18 27
19 26
20 25
Structure 7
1 36
2 35
3 34
4 33
10 15
17 28
18 27
19 26
20 25
Structure 8
1 36
2 35
3 34
4 33
10 15
17 28
18 27
19 26
20 25
Structure 9
1 36
2 35
3 34
4 33
10 15
17 28
18 27
19 26
20 25
Structure 10
1 36
2 35
3 34
4 33
10 15
17 28
18 27
19 26
20 25
Structure 11
1 36
2 35
3 34
4 33
10 15
17 28
18 27
19 26
20 25
Structure 12
1 36
2 35
3 34
4 33
10 15
17 28
18 27
19 26
20 25
Structure 13
1 36
2 35
3 34
4 33
10 15
17 28
18 27
19 26
20 25
Structure 14
1 36
2 35
3 34
4 33
10 15
17 28
18 27
19 26
20 25
Structure 15
1 36
2 35
3 34
4 33
10 15
17 28
18 27
19 26
20 25
Structure 16
1 36
2 35
3 34
4 33
10 15
17 28
18 27
19 26
20 25
Structure 17
1 36
2 35
3 34
4 33
10 15
17 28
18 27
19 26
20 25
Structure 18
1 36
2 35
3 34
4 33
10 15
17 28
18 27
19 26
20 25
Structure 19
1 36
2 35
3 34
4 33
10 15
17 28
18 27
19 26
20 25
Structure 20
1 36
2 35
3 34
4 33
10 15
17 28
18 27
19 26
20 25
Structure 21
1 36
2 35
3 34
4 33
10 15
17 28
18 27
19 26
20 25
Structure 22
1 36
2 35
3 34
4 33
10 15
17 28
18 27
19 26
20 25
Structure 23
1 36
2 35
3 34
4 33
10 15
17 28
18 27
19 26
20 25
Structure 24
1 36
2 35
3 34
4 33
10 15
17 28
18 27
19 26
20 25
Structure 25
1 36
2 35
3 34
4 33
10 15
17 28
18 27
19 26
20 25
Structure 26
1 36
2 35
3 34
4 33
10 15
17 28
18 27
19 26
20 25
Structure 27
1 36
2 35
3 34
4 33
10 15
17 28
18 27
19 26
20 25
Structure 28
1 36
2 35
3 34
4 33
10 15
17 28
18 27
19 26
20 25
Structure 29
1 36
2 35
3 34
4 33
10 15
17 28
18 27
19 26
20 25
Structure 30
1 36
2 35
3 34
4 33
10 15
17 28
18 27
19 26
20 25
Structure 31
1 36
2 35
3 34
4 33
10 15
17 28
18 27
19 26
20 25
Structure 32
1 36
2 35
3 34
4 33
10 15
17 28
18 27
19 26
20 25
Structure 33
1 36
2 35
3 34
4 33
10 15
17 28
18 27
19 26
20 25
Structure 34
1 36
2 35
3 34
4 33
10 15
17 28
18 27
19 26
20 25
Structure 35
1 36
2 35
3 34
4 33
10 15
17 28
18 27
19 26
20 25
Structure 36
1 36
2 35
3 34
4 33
10 15
17 28
18 27
19 26
20 25
Structure 37
1 36
2 35
3 34
4 33
10 15
17 28
18 27
19 26
20 25
Structure 38
1 36
2 35
3 34
4 33
10 15
17 28
18 27
19 26
20 25
Structure 39
1 36
2 35
3 34
4 33
10 15
17 28
18 27
19 26
20 25
Structure 40
1 36
2 35
3 34
4 33
10 15
17 28
18 27
19 26
20 25
Structure 41
1 36
2 35
3 34
4 33
10 15
17 28
18 27
19 26
20 25
Structure 42
1 36
2 35
3 34
4 33
10 15
17 28
18 27
19 26
20 25
Structure 43
1 36
2 35
3 34
4 33
10 15
17 28
18 27
19 26
20 25
Structure 44
1 36
2 35
3 34
4 33
10 15
17 28
18 27
19 26
20 25
Structure 45
1 36
2 35
3 34
4 33
10 15
17 28
18 27
19 26
20 25
Structure 46
1 36
2 35
3 34
4 33
10 15
17 28
18 27
19 26
20 25
Structure 47
1 36
2 35
3 34
4 33
10 15
17 28
18 27
19 26
20 25
Structure 48
1 36
2 35
3 34
4 33
10 15
17 28
18 27
19 26
20 25
Structure 49
1 36
2 35
3 34
4 33
10 15
17 28
18 27
19 26
20 25
Structure 50
1 36
2 35
3 34
4 33
10 15
17 28
18 27
19 26
20 25
Structure 51
1 36
2 35
3 34
4 33
10 15
17 28
18 27
19 26
20 25
Structure 52
1 36
2 35
3 34
4 33
10 15
17 28
18 27
19 26
20 25
Structure 53
1 36
2 35
3 34
4 33
10 15
17 28
18 27
19 26
20 25
Structure 54
1 36
2 35
3 34
4 33
10 15
17 28
18 27
19 26
20 25
Structure 55
1 36
2 35
3 34
4 33
10 15
17 28
18 27
19 26
20 25
Structure 56
1 36
2 35
3 34
4 33
10 15
17 28
18 27
19 26
20 25
Structure 57
1 36
2 35
3 34
4 33
10 15
17 28
18 27
19 26
20 25
Structure 58
1 36
2 35
3 34
4 33
10 15
17 28
18 27
19 26
20 25
Structure 59
1 36
2 35
3 34
4 33
10 15
17 28
18 27
19 26
20 25
Structure 60
1 36
2 35
3 34
4 33
10 15
17 28
18 27
19 26
20 25
Structure 61
1 36
2 35
3 34
4 33
10 15
17 28
18 27
19 26
20 25
Structure 62
1 36
2 35
3 34
4 33
10 15
17 28
18 27
19 26
20 25
Structure 63
1 36
2 35
3 34
4 33
10 15
17 28
18 27
19 26
20 25
Structure 64
1 36
2 35
3 34
4 33
10 15
17 28
18 27
19 26
20 25
Structure 65
1 36
2 35
3 34
4 33
10 15
17 28
18 27
19 26
20 25
Structure 66
1 36
2 35
3 34
4 33
10 15
17 28
18 27
19 26
20 25
Structure 67
1 36
2 35
3 34
4 33
10 15
17 28
18 27
19 26
20 25
Structure 68
1 36
2 35
3 34
4 33
10 15
17 28
18 27
19 26
20 25
Structure 69
1 36
2 35
3 34
4 33
10 15
17 28
18 27
19 26
20 25
Structure 70
1 36
2 35
3 34
4 33
10 15
17 28
18 27
19 26
20 25
Structure 71
1 36
2 35
3 34
4 33
10 15
17 28
18 27
19 26
20 25
Structure 72
1 36
2 35
3 34
4 33
10 15
17 28
18 27
19 26
20 25
Structure 73
1 36
2 35
3 34
4 33
10 15
17 28
18 27
19 26
20 25
Structure 74
1 36
2 35
3 34
4 33
10 15
17 28
18 27
19 26
20 25
Structure 75
1 36
2 35
3 34
4 33
10 15
17 28
18 27
19 26
20 25
Structure 76
1 36
2 35
3 34
4 33
10 15
17 28
18 27
19 26
20 25
Structure 77
1 36
2 35
3 34
4 33
10 15
17 28
18 27
19 26
20 25
Structure 78
1 36
2 35
3 34
4 33
10 15
17 28
18 27
19 26
20 25
Structure 79
1 36
2 35
3 34
4 33
10 15
17 28
18 27
19 26
20 25
Structure 80
1 36
2 35
3 34
4 33
10 15
17 28
18 27
19 26
20 25
Structure 81
1 36
2 35
3 34
4 33
10 15
17 28
18 27
19 26
20 25
Structure 82
1 36
2 35
3 34
4 33
10 15
17 28
18 27
19 26
20 25
Structure 83
1 36
2 35
3 34
4 33
10 15
17 28
18 27
19 26
20 25
Structure 84
1 36
2 35
3 34
4 33
10 15
17 28
18 27
19 26
20 25
Structure 85
1 36
2 35
3 34
4 33
10 15
17 28
18 27
19 26
20 25
Structure 86
1 36
2 35
3 34
4 33
10 15
17 28
18 27
19 26
20 25
Structure 87
1 36
2 35
3 34
4 33
10 15
17 28
18 27
19 26
20 25
Structure 88
1 36
2 35
3 34
4 33
10 15
17 28
18 27
19 26
20 25
Structure 89
1 36
2 35
3 34
4 33
10 15
17 28
18 27
19 26
20 25
Structure 90
1 36
2 35
3 34
4 33
10 15
17 28
18 27
19 26
20 25
Structure 91
1 36
2 35
3 34
4 33
10 15
17 28
18 27
19 26
20 25
Structure 92
1 36
2 35
3 34
4 33
10 15
17 28
18 27
19 26
20 25
Structure 93
1 36
2 35
3 34
4 33
10 15
17 28
18 27
19 26
20 25
Structure 94
1 36
2 35
3 34
4 33
10 15
17 28
18 27
19 26
20 25
Structure 95
1 36
2 35
3 34
4 33
10 15
17 28
18 27
19 26
20 25
Structure 96
1 36
2 35
3 34
4 33
10 15
17 28
18 27
19 26
20 25
Structure 97
1 36
2 35
3 34
4 33
10 15
17 28
18 27
19 26
20 25
Structure 98
1 36
2 35
3 34
4 33
10 15
17 28
18 27
19 26
20 25
Structure 99
1 36
2 35
3 34
4 33
10 15
17 28
18 27
19 26
20 25
Structure 100
1 36
2 35
3 34
4 33
10 15
17 28
18 27
19 26
20 25
Structure 101
1 36
2 35
3 34
4 33
10 15
17 28
18 27
19 26
20 25
Structure 102
1 36
2 35
3 34
4 33
10 15
17 28
18 27
19 26
20 25
Structure 103
1 36
2 35
3 34
4 33
10 15
17 28
18 27
19 26
20 25
Structure 104
1 36
2 35
3 34
4 33
10 15
17 28
18 27
19 26
20 25
Structure 105
1 36
2 35
3 34
4 33
10 15
17 28
18 27
19 26
20 25
Structure 106
1 36
2 35
3 34
4 33
10 15
17 28
18 27
19 26
20 25
Structure 107
1 36
2 35
3 34
4 33
10 15
17 28
18 27
19 26
20 25
Structure 108
1 36
2 35
3 34
4 33
10 15
17 28
18 27
19 26
20 25
Structure 109
1 36
2 35
3 34
4 33
10 15
17 28
18 27
19 26
20 25
Structure 110
1 36
2 35
3 34
4 33
10 15
17 28
18 27
19 26
20 25
Structure 111
1 36
2 35
3 34
4 33
10 15
17 28
18 27
19 26
20 25
Structure 112
1 36
2 35
3 34
4 33
10 15
17 28
18 27
19 26
20 25
Structure 113
1 36
2 35
3 34
4 33
10 15
17 28
18 27
19 26
20 25
Structure 114
1 36
2 35
3 34
4 33
10 15
17 28
18 27
19 26
20 25
Structure 115
1 36
2 35
3 34
4 33
10 15
17 28
18 27
19 26
20 25
Structure 116
1 36
2 35
3 34
4 33
10 15
17 28
18 27
19 26
20 25
Structure 117
1 36
2 35
3 34
4 33
10 15
17 28
18 27
19 26
20 25
Structure 118
1 36
2 35
3 34
4 33
10 15
17 28
18 27
19 26
20 25
Structure 119
1 36
2 35
3 34
4 33
10 15
17 28
18 27
19 26
20 25
Structure 120
1 36
2 35
3 34
4 33
10 15
17 28
18 27
19 26
20 25
Structure 121
1 36
2 35
3 34
4 33
10 15
17 28
18 27
19 26
20 25
Structure 122
1 36
2 35
3 34
4 33
10 15
17 28
18 27
19 26
20 25
Structure 123
1 36
2 35
3 34
4 33
10 15
17 28
18 27
19 26
20 25
Structure 124
1 36
2 35
3 34
4 33
10 15
17 28
18 27
19 26
20 25
Structure 125
1 36
2 35
3 34
4 33
10 15
17 28
18 27
19 26
20 25
Structure 126
1 36
2 35
3 34
4 33
10 15
17 28
18 27
19 26
20 25
Structure 127
1 36
2 35
3 34
4 33
10 15
17 28
18 27
19 26
20 25
Structure 128
1 36
2 35
3 34
4 33
10 15
17 28
18 27
19 26
20 25
Structure 129
1 36
2 35
3 34
4 33
10 15
17 28
18 27
19 26
20 25
Structure 130
1 36
2 35
3 34
4 33
10 15
17 28
18 27
19 26
20 25
Structure 131
1 36
2 35
3 34
4 33
10 15
17 28
18 27
19 26
20 25
Structure 132
1 36
2 35
3 34
4 33
10 15
17 28
18 27
19 26
20 25
Structure 133
1 36
2 35
3 34
4 33
10 15
17 28
18 27
19 26
20 25
Structure 134
1 36
2 35
3 34
4 33
10 15
17 28
18 27
19 26
20 25
Structure 135
1 36
2 35
3 34
4 33
10 15
17 28
18 27
19 26
20 25
Structure 136
1 36
2 35
3 34
4 33
10 15
17 28
18 27
19 26
20 25
Structure 137
1 36
2 35
3 34
4 33
10 15
17 28
18 27
19 26
20 25
Structure 138
1 36
2 35
3 34
4 33
10 15
17 28
18 27
19 26
20 25
Structure 139
1 36
2 35
3 34
4 33
10 15
17 28
18 27
19 26
20 25
Structure 140
1 36
2 35
3 34
4 33
10 15
17 28
18 27
19 26
20 25
Structure 141
1 36
2 35
3 34
4 33
10 15
17 28
18 27
19 26
20 25
Structure 142
1 36
2 35
3 34
4 33
10 15
17 28
18 27
19 26
20 25
Structure 143
1 36
2 35
3 34
4 33
10 15
17 28
18 27
19 26
20 25
Structure 144
1 36
2 35
3 34
4 33
10 15
17 28
18 27
19 26
20 25
Structure 145
1 36
2 35
3 34
4 33
10 15
17 28
18 27
19 26
20 25
Structure 146
1 36
2 35
3 34
4 33
10 15
17 28
18 27
19 26
20 25
Structure 147
1 36
2 35
3 34
4 33
10 15
17 28
18 27
19 26
20 25
Structure 148
1 36
2 35
3 34
4 33
10 15
17 28
18 27
19 26
20 25
Structure 149
1 36
2 35
3 34
4 33
10 15
17 28
18 27
19 26
20 25
Structure 150
1 36
2 35
3 34
4 33
10 15
17 28
18 27
19 26
20 25
Structure 151
1 36
2 35
3 34
4 33
10 15
17 28
18 27
19 26
20 25
Structure 152
1 36
2 35
3 34
4 33
10 15
17 28
18 27
19 26
20 25
Structure 153
1 36
2 35
3 34
4 33
10 15
17 28
18 27
19 26
20 25
Structure 154
1 36
2 35
3 34
4 33
10 15
17 28
18 27
19 26
20 25
Structure 155
1 36
2 35
3 34
4 33
10 15
17 28
18 27
19 26
20 25
Structure 156
1 36
2 35
3 34
4 33
10 15
17 28
18 27
19 26
20 25
Structure 157
1 36
2 35
3 34
4 33
10 15
17 28
18 27
19 26
20 25
Structure 158
1 36
2 35
3 34
4 33
10 15
17 28
18 27
19 26
20 25
Structure 159
1 36
2 35
3 34
4 33
10 15
17 28
18 27
19 26
20 25
Structure 160
1 36
2 35
3 34
4 33
10 15
17 28
18 27
19 26
20 25
Structure 161
1 36
2 35
3 34
4 33
10 15
17 28
18 27
19 26
20 25
Structure 162
1 36
2 35
3 34
4 33
10 15
17 28
18 27
19 26
20 25
Structure 163
1 36
2 35
3 34
4 33
10 15
17 28
18 27
19 26
20 25
Structure 164
1 36
2 35
3 34
4 33
10 15
17 28
18 27
19 26
20 25
Structure 165
1 36
2 35
3 34
4 33
10 15
17 28
18 27
19 26
20 25
Structure 166
1 36
2 35
3 34
4 33
10 15
17 28
18 27
19 26
20 25
Structure 167
2 35
3 34
4 33
10 15
17 28
18 27
19 26
20 25
Structure 168
1 36
2 35
3 34
4 33
10 15
17 28
18 27
19 26
20 25
Structure 169
1 36
2 35
3 34
4 33
10 15
17 28
18 27
19 26
20 25
Structure 170
1 36
2 35
3 34
4 33
10 15
17 28
18 27
19 26
20 25
Structure 171
1 36
2 35
3 34
4 33
10 15
17 28
18 27
19 26
20 25
Structure 172
1 36
2 35
3 34
4 33
10 15
17 28
18 27
19 26
20 25
Structure 173
1 36
2 35
3 34
4 33
10 15
17 28
18 27
19 26
20 25
Structure 174
1 36
2 35
3 34
4 33
10 15
17 28
18 27
19 26
20 25
Structure 175
1 36
2 35
3 34
4 33
10 15
17 28
18 27
19 26
20 25
Structure 176
1 36
2 35
3 34
4 33
10 15
17 28
18 27
19 26
20 25
Structure 177
1 36
2 35
3 34
4 33
10 15
17 28
18 27
19 26
20 25
Structure 178
1 36
2 35
3 34
4 33
10 15
17 28
18 27
19 26
20 25
Structure 179
1 36
2 35
3 34
4 33
10 15
17 28
18 27
19 26
20 25
Structure 180
1 36
2 35
3 34
4 33
10 15
17 28
18 27
19 26
20 25
Structure 181
1 36
2 35
3 34
4 33
10 15
17 28
18 27
19 26
20 25
Structure 182
1 36
2 35
3 34
4 33
10 15
17 28
18 27
19 26
20 25
Structure 183
1 36
2 35
3 34
4 33
10 15
17 28
18 27
19 26
20 25
Structure 184
1 36
2 35
3 34
4 33
10 15
17 28
18 27
19 26
20 25
Structure 185
1 36
2 35
3 34
4 33
10 15
17 28
18 27
19 26
20 25
Structure 186
1 36
2 35
3 34
4 33
10 15
17 28
18 27
19 26
20 25
Structure 187
1 36
2 35
3 34
4 33
10 15
17 28
18 27
19 26
20 25
Structure 188
1 36
2 35
3 34
4 33
10 15
17 28
18 27
19 26
20 25
Structure 189
1 36
2 35
3 34
4 33
10 15
17 28
18 27
19 26
20 25
Structure 190
1 36
2 35
3 34
4 33
10 15
17 28
18 27
19 26
20 25
Structure 191
1 36
2 35
3 34
4 33
10 15
17 28
18 27
19 26
20 25
Structure 192
1 36
2 35
3 34
4 33
10 15
17 28
18 27
19 26
20 25
Structure 193
1 36
2 35
3 34
4 33
10 15
17 28
18 27
19 26
20 25
Structure 194
1 36
2 35
3 34
4 33
10 15
17 28
18 27
19 26
20 25
Structure 195
1 36
2 35
3 34
4 33
10 15
17 28
18 27
19 26
20 25
Structure 196
1 36
2 35
3 34
4 33
10 15
17 28
18 27
19 26
20 25
Structure 197
1 36
2 35
3 34
4 33
10 15
17 28
18 27
19 26
20 25
Structure 198
1 36
2 35
3 34
4 33
10 15
17 28
18 27
19 26
20 25
Structure 199
1 36
2 35
3 34
4 33
10 15
17 28
18 27
19 26
20 25
Structure 200
1 36
2 35
3 34
4 33
10 15
17 28
18 27
19 26
20 25
Structure 201
1 36
2 35
3 34
4 33
10 15
17 28
18 27
19 26
20 25
Structure 202
1 36
2 35
3 34
4 33
10 15
17 28
18 27
19 26
20 25
Structure 203
1 36
2 35
3 34
4 33
10 15
17 28
18 27
19 26
20 25
Structure 204
1 36
2 35
3 34
4 33
10 15
17 28
18 27
19 26
20 25
Structure 205
1 36
2 35
3 34
4 33
10 15
17 28
18 27
19 26
20 25
Structure 206
1 36
2 35
3 34
4 33
10 15
18 27
19 26
20 25
Structure 207
1 36
2 35
3 34
4 33
10 15
17 28
18 27
19 26
20 25
Structure 208
1 36
2 35
3 34
4 33
10 15
17 28
18 27
19 26
20 25
Structure 209
1 36
2 35
3 34
4 33
10 15
17 28
18 27
19 26
20 25
Structure 210
1 36
2 35
3 34
4 33
10 15
17 28
18 27
19 26
20 25
Structure 211
1 36
2 35
3 34
4 33
10 15
17 28
18 27
19 26
20 25
Structure 212
1 36
2 35
3 34
4 33
10 15
17 28
18 27
19 26
20 25
Structure 213
1 36
2 35
3 34
4 33
10 15
17 28
18 27
19 26
20 25
Structure 214
1 36
2 35
3 34
4 33
10 15
17 28
18 27
19 26
20 25
Structure 215
1 36
2 35
3 34
4 33
10 15
17 28
18 27
19 26
20 25
Structure 216
1 36
2 35
3 34
4 33
10 15
17 28
18 27
19 26
20 25
Structure 217
1 36
2 35
3 34
4 33
10 15
17 28
18 27
19 26
20 25
Structure 218
1 36
2 35
3 34
4 33
10 15
17 28
18 27
19 26
20 25
Structure 219
1 36
2 35
3 34
4 33
10 15
17 28
18 27
19 26
20 25
Structure 220
1 36
2 35
3 34
4 33
10 15
17 28
18 27
19 26
20 25
Structure 221
1 36
2 35
3 34
4 33
10 15
17 28
18 27
19 26
20 25
Structure 222
1 36
2 35
3 34
4 33
10 15
17 28
18 27
19 26
20 25
Structure 223
1 36
2 35
3 34
4 33
10 15
17 28
18 27
19 26
20 25
Structure 224
1 36
2 35
3 34
4 33
10 15
17 28
18 27
19 26
20 25
Structure 225
1 36
2 35
3 34
4 33
10 15
17 28
18 27
19 26
20 25
Structure 226
1 36
2 35
3 34
4 33
10 15
17 28
18 27
19 26
20 25
Structure 227
1 36
2 35
3 34
4 33
10 15
17 28
18 27
19 26
20 25
Structure 228
1 36
2 35
3 34
4 33
10 15
17 28
18 27
19 26
20 25
Structure 229
1 36
2 35
3 34
4 33
10 15
17 28
18 27
19 26
20 25
Structure 230
1 36
2 35
3 34
4 33
10 15
17 28
18 27
19 26
20 25
