    0   0.21800000
    1   0.35400000
    2   0.35400000
    3   0.35400000
    4   0.74300000
    5   0.74300000
    6   0.74300000
    7   0.74300000
    8   0.74300000
    9   0.85600000
   10   0.85600000
   11   0.87500000
   12   0.89200000
   13   0.89200000
   14   0.89200000
   15   0.90600000
   16   0.90600000
   17   0.91500000
   18   0.93300000
   19   0.93600000
   20   0.94700000
   21   0.95100000
   22   0.95500000
   23   0.95500000
   24   0.96100000
   25   0.96400000
   26   0.96400000
   27   0.96800000
   28   0.97200000
   29   0.97400000
   30   0.97600000
   31   0.98300000
   32   0.98500000
   33   0.98700000
   34   0.98900000
   35   0.99000000
   36   0.99100000
   37   0.99100000
   38   0.99500000
   39   0.99500000
   40   0.99600000
   41   0.99800000
   42   0.99900000
   43   0.99900000
   44   0.99900000
   45   1.00000000
   46   1.00000000
   47   1.00000000
   48   1.00000000
   49   1.00000000
   50   1.00000000
   51   1.00000000
   52   1.00000000
   53   1.00000000
   54   1.00000000
   55   1.00000000
   56   1.00000000
   57   1.00000000
   58   1.00000000
   59   1.00000000
   60   1.00000000
   61   1.00000000
   62   1.00000000
   63   1.00000000
   64   1.00000000
   65   1.00000000
   66   1.00000000
   67   1.00000000
   68   1.00000000
   69   1.00000000
   70   1.00000000
   71   1.00000000
   72   1.00000000
   73   1.00000000
   74   1.00000000
   75   1.00000000
   76   1.00000000
   77   1.00000000
   78   1.00000000
   79   1.00000000
   80   1.00000000
   81   1.00000000
   82   1.00000000
   83   1.00000000
   84   1.00000000
   85   1.00000000
   86   1.00000000
   87   1.00000000
   88   1.00000000
   89   1.00000000
   90   1.00000000
   91   1.00000000
   92   1.00000000
   93   1.00000000
   94   1.00000000
   95   1.00000000
   96   1.00000000
   97   1.00000000
   98   1.00000000
   99   1.00000000
  100   1.00000000
