   1     -15.00
   2     -15.60
   3     -10.50
   4     -15.10
   5     -15.60
   6     -15.00
   7     -15.00
   8     -15.00
   9     -15.60
  10     -15.00
  11     -14.20
  12     -15.00
  13     -15.00
  14     -15.00
  15     -15.10
  16     -15.60
  17     -15.50
  18     -14.20
  19     -15.10
  20     -15.60
  21     -12.50
  22     -15.00
  23     -15.00
  24     -15.60
  25     -15.00
  26     -15.50
  27     -12.30
  28     -15.00
  29     -14.20
  30     -15.60
  31     -13.90
  32     -15.60
  33     -15.60
  34     -15.60
  35     -15.00
  36     -15.60
  37     -15.50
  38     -15.60
  39      -9.70
  40     -15.50
  41     -14.20
  42     -12.80
  43     -13.80
  44     -15.60
  45     -15.10
  46     -12.00
  47     -12.90
  48     -14.20
  49     -15.10
  50     -15.00
  51     -14.20
  52     -15.60
  53     -15.00
  54     -15.60
  55     -15.00
  56     -15.60
  57     -15.10
  58     -14.20
  59     -11.70
  60     -15.00
  61     -14.20
  62     -15.10
  63     -15.60
  64     -15.60
  65     -12.30
  66     -14.20
  67     -15.10
  68     -15.00
  69     -12.90
  70     -15.00
  71     -12.50
  72     -15.60
  73     -15.00
  74     -15.60
  75     -15.00
  76     -15.50
  77     -15.00
  78     -15.60
  79     -15.00
  80     -15.50
  81     -15.00
  82     -15.10
  83     -15.00
  84     -14.20
  85     -11.30
  86     -15.60
  87     -15.00
  88     -15.60
  89     -15.60
  90     -15.00
  91     -15.00
  92     -13.40
  93     -14.20
  94     -15.00
  95     -15.00
  96     -15.10
  97     -15.50
  98     -15.00
  99     -15.60
 100     -11.80
 101     -13.90
 102     -15.00
 103     -15.60
 104     -14.20
 105     -15.00
 106     -15.60
 107     -15.60
 108     -15.00
 109     -15.00
 110     -15.60
 111     -15.00
 112     -14.20
 113     -15.50
 114     -15.60
 115     -15.60
 116     -15.60
 117     -15.50
 118     -15.50
 119     -15.60
 120      -9.20
 121     -15.00
 122     -15.50
 123     -15.00
 124     -15.60
 125     -15.00
 126     -15.10
 127     -15.60
 128     -13.40
 129     -10.20
 130     -15.50
 131     -14.20
 132     -15.10
 133     -15.00
 134     -15.00
 135     -15.50
 136     -15.00
 137     -15.10
 138     -14.20
 139     -15.00
 140     -15.60
 141     -15.60
 142     -15.60
 143     -15.60
 144     -15.00
 145     -15.60
 146     -15.00
 147     -15.00
 148     -15.60
 149     -15.60
 150     -15.10
 151     -15.00
 152     -15.60
 153     -15.00
 154     -15.00
 155     -15.60
 156     -15.00
 157     -12.90
 158     -15.00
 159     -15.00
 160     -15.00
 161     -15.00
 162     -15.50
 163     -15.60
 164     -14.20
 165     -15.60
 166     -15.00
 167     -15.00
 168     -15.10
 169     -15.10
 170     -14.20
 171     -15.60
 172     -15.60
 173     -15.50
 174     -15.60
 175     -15.00
 176     -15.00
 177     -14.20
 178     -15.50
 179     -15.00
 180     -15.50
 181     -15.50
 182     -15.50
 183     -15.60
 184     -15.60
 185     -10.90
 186     -15.50
 187     -15.00
 188     -12.90
 189     -15.00
 190     -15.00
 191     -15.00
 192     -15.60
 193     -15.60
 194     -13.40
 195     -15.00
 196     -12.80
 197     -15.00
 198     -15.00
 199     -13.80
 200      -9.70
 201     -15.10
 202     -15.60
 203     -15.00
 204     -15.00
 205     -15.60
 206     -15.60
 207     -13.40
 208     -15.50
 209     -14.20
 210     -15.60
 211     -15.50
 212     -10.90
 213     -15.10
 214     -15.00
 215     -12.00
 216     -15.10
 217     -13.40
 218     -14.20
 219     -12.00
 220     -12.00
 221     -15.10
 222     -14.20
 223     -14.00
 224     -15.60
 225     -15.60
 226     -15.10
 227     -15.00
 228     -15.10
 229     -15.60
 230     -15.00
 231     -15.50
 232     -15.00
 233     -15.60
 234     -15.10
 235     -13.00
 236     -15.00
 237     -11.90
 238      -9.80
 239     -15.60
 240     -15.60
 241     -15.60
 242     -15.00
 243     -15.60
 244     -12.90
 245     -14.20
 246     -15.00
 247     -15.00
 248     -15.00
 249     -14.20
 250     -15.60
 251     -12.90
 252     -15.60
 253     -15.60
 254     -15.00
 255     -15.60
 256     -15.60
 257     -15.60
 258     -12.70
 259     -15.00
 260     -13.90
 261     -15.10
 262     -15.00
 263     -15.50
 264     -15.10
 265     -15.50
 266     -11.40
 267     -15.00
 268     -14.00
 269     -15.60
 270     -15.00
 271     -15.00
 272     -15.60
 273     -15.00
 274     -15.10
 275     -15.00
 276     -14.20
 277     -15.50
 278     -14.20
 279     -15.10
 280     -15.50
 281     -15.10
 282     -14.20
 283     -15.00
 284     -15.00
 285     -15.50
 286     -15.10
 287     -15.00
 288     -15.10
 289     -15.60
 290     -15.60
 291     -12.90
 292     -15.60
 293     -15.50
 294      -9.30
 295     -15.10
 296     -11.30
 297     -15.50
 298     -15.00
 299     -15.10
 300     -15.60
 301     -15.00
 302     -12.90
 303     -13.90
 304     -12.90
 305     -15.00
 306     -14.20
 307     -15.50
 308     -15.60
 309     -15.00
 310     -15.60
 311     -15.60
 312     -15.60
 313     -15.60
 314     -13.40
 315     -10.70
 316     -15.60
 317     -15.00
 318     -15.10
 319     -15.00
 320     -15.60
 321     -15.60
 322     -14.20
 323     -13.90
 324     -15.00
 325     -15.60
 326     -15.50
 327     -15.60
 328     -15.00
 329     -14.20
 330     -13.90
 331     -15.60
 332     -14.20
 333     -11.20
 334     -14.20
 335     -15.00
 336     -15.60
 337     -15.00
 338     -15.50
 339     -15.00
 340     -14.20
 341     -15.50
 342     -15.60
 343     -15.00
 344     -14.20
 345     -14.20
 346     -15.60
 347     -15.00
 348     -13.40
 349     -15.50
 350     -15.00
 351     -15.00
 352     -14.20
 353     -15.60
 354     -15.60
 355     -15.60
 356     -10.30
 357     -15.00
 358     -15.00
 359     -13.90
 360     -12.30
 361     -15.10
 362     -15.60
 363     -15.10
 364     -15.00
 365     -15.60
 366     -15.50
 367     -15.50
 368     -14.20
 369     -14.20
 370     -14.20
 371     -13.80
 372     -15.50
 373     -15.10
 374     -15.10
 375     -12.60
 376     -13.40
 377     -15.60
 378     -15.00
 379     -14.20
 380     -11.00
 381     -14.20
 382     -12.50
 383     -14.20
 384     -15.60
 385     -15.50
 386     -14.20
 387     -13.40
 388     -15.60
 389     -14.20
 390     -14.20
 391     -15.00
 392     -15.60
 393     -15.00
 394     -15.00
 395     -14.20
 396     -14.20
 397     -15.00
 398     -15.50
 399     -15.00
 400     -15.60
 401     -15.60
 402     -11.30
 403     -14.20
 404     -14.20
 405     -15.50
 406     -15.10
 407     -15.00
 408     -12.60
 409     -15.10
 410     -14.20
 411     -13.40
 412     -15.60
 413     -15.10
 414     -15.00
 415     -15.00
 416     -15.60
 417     -15.60
 418     -10.90
 419     -13.80
 420     -15.50
 421     -15.50
 422     -15.00
 423     -10.80
 424     -13.00
 425     -15.50
 426     -15.10
 427     -15.00
 428     -15.50
 429     -11.50
 430     -15.60
 431     -15.10
 432     -14.00
 433     -15.10
 434     -15.60
 435     -15.10
 436     -14.00
 437     -15.60
 438     -15.00
 439     -15.00
 440     -15.10
 441     -15.60
 442     -14.20
 443     -12.60
 444     -15.50
 445     -15.00
 446     -10.30
 447     -15.60
 448     -15.00
 449     -15.60
 450     -15.00
 451     -15.00
 452     -12.40
 453     -15.00
 454     -15.60
 455     -15.00
 456     -13.90
 457     -15.50
 458     -15.10
 459     -12.50
 460     -15.00
 461     -15.00
 462     -15.00
 463     -15.50
 464     -15.60
 465     -15.00
 466     -15.60
 467     -14.20
 468     -15.00
 469     -14.20
 470     -13.80
 471     -15.60
 472     -15.00
 473     -15.10
 474     -15.50
 475     -15.60
 476     -15.10
 477     -15.10
 478     -15.50
 479     -15.00
 480     -15.50
 481     -13.80
 482     -14.20
 483     -15.00
 484     -15.60
 485     -15.00
 486     -14.20
 487     -14.20
 488     -15.00
 489     -14.20
 490     -15.50
 491     -15.10
 492     -15.00
 493     -15.00
 494     -15.60
 495     -15.10
 496     -15.60
 497     -15.50
 498     -15.00
 499     -15.60
 500     -15.00
 501     -15.10
 502     -14.20
 503     -15.50
 504     -15.50
 505     -13.80
 506     -15.60
 507     -15.60
 508     -15.00
 509     -15.00
 510     -14.20
 511     -11.80
 512     -15.50
 513     -15.00
 514     -15.10
 515     -15.10
 516     -12.50
 517     -15.60
 518     -15.00
 519     -15.50
 520     -15.00
 521     -15.00
 522     -15.00
 523     -15.60
 524     -15.00
 525     -14.20
 526     -12.90
 527     -14.20
 528     -15.10
 529     -15.00
 530     -15.60
 531     -15.60
 532     -14.20
 533     -15.60
 534     -14.20
 535     -15.50
 536     -15.60
 537     -12.70
 538     -15.00
 539     -12.90
 540     -15.00
 541     -15.60
 542     -13.00
 543     -15.60
 544     -15.10
 545     -15.60
 546     -15.50
 547     -13.80
 548     -15.10
 549     -15.00
 550     -15.60
 551     -14.20
 552     -15.00
 553     -15.50
 554     -15.50
 555     -15.00
 556     -15.60
 557     -12.90
 558     -15.50
 559     -14.20
 560     -14.20
 561     -15.50
 562     -15.00
 563     -15.60
 564     -15.60
 565     -14.20
 566     -15.10
 567     -15.60
 568     -14.20
 569     -15.60
 570     -15.60
 571     -11.10
 572     -15.00
 573     -15.10
 574     -15.50
 575     -15.10
 576     -15.60
 577     -15.10
 578     -15.50
 579     -15.00
 580     -14.20
 581     -15.00
 582     -15.50
 583     -15.00
 584     -15.60
 585     -15.10
 586     -15.60
 587     -15.60
 588     -15.10
 589     -12.60
 590     -15.50
 591     -15.60
 592     -10.90
 593     -14.20
 594     -14.20
 595     -15.50
 596     -15.00
 597     -15.00
 598     -15.10
 599     -15.10
 600     -13.00
 601     -15.50
 602     -15.00
 603     -15.00
 604     -15.00
 605     -15.10
 606     -15.00
 607     -15.00
 608     -14.20
 609     -15.00
 610     -15.10
 611     -15.00
 612     -13.40
 613     -15.50
 614     -15.50
 615     -14.00
 616     -15.50
 617     -15.50
 618     -14.20
 619     -15.60
 620     -15.60
 621     -15.50
 622     -15.60
 623     -14.20
 624     -15.10
 625     -12.90
 626     -15.00
 627     -13.90
 628     -15.50
 629     -15.50
 630     -15.60
 631     -15.00
 632     -15.10
 633     -15.00
 634     -15.00
 635     -15.10
 636     -15.10
 637     -15.00
 638     -15.00
 639     -15.00
 640     -15.00
 641     -15.50
 642     -14.20
 643     -15.00
 644     -14.20
 645     -15.00
 646     -15.60
 647     -15.50
 648     -15.60
 649     -15.60
 650     -15.60
 651     -15.00
 652     -15.60
 653     -15.60
 654     -14.20
 655     -15.60
 656     -15.00
 657     -15.60
 658     -15.50
 659     -13.80
 660     -15.60
 661     -15.50
 662     -15.00
 663     -15.00
 664     -14.20
 665     -15.60
 666     -15.10
 667     -14.20
 668     -15.10
 669     -14.00
 670     -15.60
 671     -15.50
 672     -15.60
 673      -9.30
 674     -15.50
 675     -15.50
 676     -15.10
 677     -15.00
 678     -15.00
 679     -15.00
 680     -15.50
 681     -15.00
 682     -14.20
 683     -13.40
 684     -15.10
 685     -15.60
 686     -14.20
 687     -15.60
 688     -15.10
 689     -15.50
 690     -15.00
 691     -12.90
 692     -15.00
 693     -15.10
 694     -15.00
 695     -15.50
 696     -15.50
 697     -15.10
 698     -15.50
 699     -11.50
 700     -10.90
 701     -15.00
 702     -15.50
 703     -12.00
 704     -15.60
 705     -13.80
 706     -14.20
 707     -15.50
 708     -14.20
 709     -13.80
 710     -15.50
 711     -15.00
 712     -15.00
 713     -15.10
 714     -15.00
 715     -15.60
 716     -15.00
 717     -14.20
 718     -15.00
 719     -15.60
 720     -15.50
 721     -15.60
 722     -15.10
 723     -15.10
 724     -15.00
 725     -14.20
 726     -15.00
 727     -14.20
 728     -15.00
 729     -14.20
 730     -15.00
 731     -15.60
 732     -15.60
 733     -15.60
 734     -15.60
 735     -15.00
 736     -15.50
 737     -15.50
 738     -15.00
 739     -12.60
 740     -15.60
 741     -15.00
 742     -15.50
 743     -15.60
 744     -15.60
 745     -15.00
 746     -13.40
 747     -14.20
 748     -15.50
 749     -15.50
 750     -14.20
 751     -15.00
 752     -15.00
 753     -15.50
 754     -15.50
 755     -15.00
 756     -15.10
 757     -15.00
 758     -12.70
 759     -15.00
 760     -15.60
 761     -15.00
 762     -14.20
 763     -15.60
 764     -15.50
 765     -15.50
 766     -15.00
 767     -13.80
 768     -15.50
 769     -13.80
 770     -15.60
 771     -15.60
 772     -15.50
 773     -15.60
 774     -15.00
 775     -15.60
 776     -15.10
 777     -15.00
 778     -15.50
 779     -15.00
 780     -15.00
 781     -15.60
 782     -15.00
 783     -15.50
 784     -12.40
 785     -15.50
 786     -15.60
 787     -15.60
 788     -15.00
 789     -14.20
 790     -15.00
 791     -15.60
 792     -14.20
 793     -15.50
 794     -15.50
 795     -15.60
 796     -15.00
 797     -15.50
 798     -15.00
 799     -14.20
 800     -15.60
 801     -15.10
 802     -15.00
 803     -15.10
 804     -15.10
 805     -13.80
 806     -13.40
 807     -15.60
 808     -15.00
 809     -15.00
 810     -14.00
 811     -15.00
 812     -15.50
 813     -15.00
 814     -15.00
 815     -15.00
 816     -15.00
 817     -11.30
 818     -13.00
 819     -13.80
 820     -15.60
 821     -15.60
 822     -15.00
 823     -15.00
 824     -15.60
 825     -15.00
 826     -15.50
 827     -15.10
 828     -13.00
 829     -15.00
 830     -14.20
 831     -15.60
 832     -15.00
 833     -12.50
 834     -15.00
 835     -15.00
 836     -15.50
 837     -15.10
 838     -15.00
 839     -15.00
 840     -13.00
 841     -10.10
 842     -15.50
 843     -15.60
 844     -14.20
 845     -12.90
 846     -15.00
 847     -15.60
 848     -15.00
 849     -15.60
 850     -13.80
 851     -15.10
 852     -12.40
 853     -15.50
 854     -15.00
 855     -15.00
 856     -15.10
 857     -15.00
 858     -15.60
 859     -15.00
 860     -15.00
 861     -15.00
 862     -15.00
 863     -14.20
 864     -15.00
 865     -15.60
 866     -15.00
 867     -15.00
 868     -13.90
 869     -15.00
 870     -15.00
 871     -15.10
 872     -12.30
 873     -15.60
 874     -15.60
 875     -14.20
 876     -11.40
 877     -15.60
 878     -15.00
 879     -15.00
 880     -13.00
 881      -9.50
 882     -15.50
 883     -15.60
 884     -15.00
 885     -14.20
 886     -14.20
 887     -15.60
 888     -15.00
 889     -15.10
 890     -15.10
 891     -13.80
 892     -15.50
 893     -15.50
 894     -15.00
 895     -15.00
 896     -15.60
 897     -15.10
 898     -14.20
 899     -15.50
 900     -14.20
 901     -15.60
 902     -15.00
 903     -15.60
 904     -15.00
 905     -15.00
 906     -13.90
 907     -15.00
 908     -15.10
 909     -15.60
 910     -11.00
 911     -15.50
 912     -15.10
 913     -15.00
 914     -15.50
 915     -15.10
 916     -15.50
 917     -15.10
 918     -15.50
 919     -14.20
 920     -15.10
 921     -15.00
 922     -10.70
 923     -15.00
 924     -15.60
 925     -15.50
 926     -14.20
 927     -15.60
 928     -15.00
 929     -15.60
 930     -13.90
 931     -15.60
 932     -15.00
 933     -13.00
 934     -15.00
 935     -15.00
 936     -15.60
 937     -15.60
 938     -15.00
 939     -15.10
 940     -15.50
 941     -15.50
 942     -15.60
 943     -15.60
 944     -12.40
 945     -15.00
 946     -15.50
 947     -15.50
 948     -14.20
 949     -10.90
 950     -14.20
 951     -15.00
 952     -15.00
 953     -14.20
 954     -15.50
 955     -15.10
 956     -15.50
 957     -14.20
 958     -14.20
 959     -12.90
 960     -15.50
 961     -14.20
 962     -15.00
 963     -15.00
 964     -14.20
 965     -15.50
 966     -10.50
 967     -15.00
 968     -15.00
 969     -15.10
 970     -15.00
 971     -15.00
 972     -15.00
 973     -15.60
 974     -15.10
 975     -15.50
 976     -15.60
 977     -15.60
 978      -9.80
 979     -15.00
 980     -15.10
 981     -15.50
 982     -14.20
 983     -14.20
 984     -15.00
 985     -14.20
 986     -15.00
 987     -15.50
 988     -15.60
 989      -8.60
 990     -15.50
 991     -15.60
 992     -14.20
 993     -15.00
 994     -15.60
 995     -15.00
 996     -15.50
 997     -15.00
 998     -15.60
 999     -15.00
1000     -15.10
