 Ensemble free energy (based on initial energies):-RT ln(U)= -14.0602793
 (U is the partition function for the sequence, see Ding and Lawrence 2003)
   1     -13.30      -1.70
   2     -13.10      -2.50
   3      -8.80      -1.70
   4     -12.70      -2.40
   5     -13.10      -2.50
   6     -13.30      -1.70
   7     -13.30      -1.70
   8     -13.30      -1.70
   9     -13.10      -2.50
  10     -13.30      -1.70
  11     -12.50      -1.70
  12     -13.30      -1.70
  13     -13.30      -1.70
  14     -13.30      -1.70
  15     -12.70      -2.40
  16     -13.10      -2.50
  17     -12.80      -2.70
  18     -12.50      -1.70
  19     -12.70      -2.40
  20     -13.10      -2.50
  21     -10.80      -1.70
  22     -13.30      -1.70
  23     -13.30      -1.70
  24     -13.10      -2.50
  25     -13.30      -1.70
  26     -12.80      -2.70
  27      -9.60      -2.70
  28     -13.30      -1.70
  29     -12.50      -1.70
  30     -13.10      -2.50
  31     -11.30      -2.60
  32     -13.10      -2.50
  33     -13.10      -2.50
  34     -13.10      -2.50
  35     -13.30      -1.70
  36     -13.10      -2.50
  37     -12.80      -2.70
  38     -13.10      -2.50
  39      -8.00      -1.70
  40     -12.80      -2.70
  41     -12.50      -1.70
  42     -10.40      -2.40
  43     -11.40      -2.40
  44     -13.10      -2.50
  45     -12.70      -2.40
  46     -10.00      -2.00
  47     -11.20      -1.70
  48     -12.50      -1.70
  49     -12.70      -2.40
  50     -13.30      -1.70
  51     -11.90      -2.30
  52     -13.10      -2.50
  53     -13.30      -1.70
  54     -13.10      -2.50
  55     -13.30      -1.70
  56     -13.10      -2.50
  57     -12.70      -2.40
  58     -12.50      -1.70
  59      -8.70      -3.00
  60     -13.30      -1.70
  61     -12.50      -1.70
  62     -12.70      -2.40
  63     -13.10      -2.50
  64     -13.10      -2.50
  65     -10.60      -1.70
  66     -11.90      -2.30
  67     -12.70      -2.40
  68     -13.30      -1.70
  69     -11.20      -1.70
  70     -13.30      -1.70
  71     -10.80      -1.70
  72     -13.10      -2.50
  73     -13.30      -1.70
  74     -13.10      -2.50
  75     -13.30      -1.70
  76     -12.80      -2.70
  77     -13.30      -1.70
  78     -13.10      -2.50
  79     -13.30      -1.70
  80     -12.80      -2.70
  81     -13.30      -1.70
  82     -12.70      -2.40
  83     -13.30      -1.70
  84     -12.50      -1.70
  85      -9.20      -2.10
  86     -13.10      -2.50
  87     -13.30      -1.70
  88     -13.10      -2.50
  89     -13.10      -2.50
  90     -13.30      -1.70
  91     -13.30      -1.70
  92     -11.00      -2.40
  93     -11.90      -2.30
  94     -13.30      -1.70
  95     -13.30      -1.70
  96     -12.70      -2.40
  97     -12.80      -2.70
  98     -13.30      -1.70
  99     -13.10      -2.50
 100     -10.10      -1.70
 101     -11.30      -2.60
 102     -13.30      -1.70
 103     -13.10      -2.50
 104     -12.50      -1.70
 105     -13.30      -1.70
 106     -13.10      -2.50
 107     -13.10      -2.50
 108     -13.30      -1.70
 109     -13.30      -1.70
 110     -13.10      -2.50
 111     -13.30      -1.70
 112     -12.50      -1.70
 113     -12.80      -2.70
 114     -13.10      -2.50
 115     -13.10      -2.50
 116     -13.10      -2.50
 117     -12.80      -2.70
 118     -12.80      -2.70
 119     -13.10      -2.50
 120      -8.40      -0.80
 121     -13.30      -1.70
 122     -12.80      -2.70
 123     -13.30      -1.70
 124     -13.10      -2.50
 125     -13.30      -1.70
 126     -12.70      -2.40
 127     -13.10      -2.50
 128     -11.00      -2.40
 129      -8.50      -1.70
 130     -12.80      -2.70
 131     -11.90      -2.30
 132     -12.70      -2.40
 133     -13.30      -1.70
 134     -13.30      -1.70
 135     -12.80      -2.70
 136     -13.30      -1.70
 137     -12.70      -2.40
 138     -12.50      -1.70
 139     -13.30      -1.70
 140     -13.10      -2.50
 141     -13.10      -2.50
 142     -13.10      -2.50
 143     -13.10      -2.50
 144     -13.30      -1.70
 145     -13.10      -2.50
 146     -13.30      -1.70
 147     -13.30      -1.70
 148     -13.10      -2.50
 149     -13.10      -2.50
 150     -12.70      -2.40
 151     -13.30      -1.70
 152     -13.10      -2.50
 153     -13.30      -1.70
 154     -13.30      -1.70
 155     -13.10      -2.50
 156     -13.30      -1.70
 157     -11.20      -1.70
 158     -13.30      -1.70
 159     -13.30      -1.70
 160     -13.30      -1.70
 161     -13.30      -1.70
 162     -12.80      -2.70
 163     -13.10      -2.50
 164     -11.90      -2.30
 165     -13.10      -2.50
 166     -13.30      -1.70
 167     -13.30      -1.70
 168     -12.70      -2.40
 169     -12.70      -2.40
 170     -12.50      -1.70
 171     -13.10      -2.50
 172     -13.10      -2.50
 173     -12.80      -2.70
 174     -13.10      -2.50
 175     -13.30      -1.70
 176     -13.30      -1.70
 177     -12.50      -1.70
 178     -12.80      -2.70
 179     -13.30      -1.70
 180     -12.80      -2.70
 181     -12.80      -2.70
 182     -12.80      -2.70
 183     -13.10      -2.50
 184     -13.10      -2.50
 185     -10.40      -0.50
 186     -12.80      -2.70
 187     -13.30      -1.70
 188     -11.20      -1.70
 189     -13.30      -1.70
 190     -13.30      -1.70
 191     -13.30      -1.70
 192     -13.10      -2.50
 193     -13.10      -2.50
 194     -10.70      -2.70
 195     -13.30      -1.70
 196     -10.40      -2.40
 197     -13.30      -1.70
 198     -13.30      -1.70
 199     -11.40      -2.40
 200      -8.60      -1.10
 201     -12.70      -2.40
 202     -13.10      -2.50
 203     -13.30      -1.70
 204     -13.30      -1.70
 205     -13.10      -2.50
 206     -13.10      -2.50
 207     -11.00      -2.40
 208     -12.80      -2.70
 209     -12.50      -1.70
 210     -13.10      -2.50
 211     -12.80      -2.70
 212     -10.40      -0.50
 213     -12.70      -2.40
 214     -13.30      -1.70
 215      -9.70      -2.30
 216     -12.70      -2.40
 217     -10.70      -2.70
 218     -12.50      -1.70
 219     -10.00      -2.00
 220     -10.00      -2.00
 221     -12.70      -2.40
 222     -12.50      -1.70
 223     -11.00      -3.00
 224     -13.10      -2.50
 225     -13.10      -2.50
 226     -12.70      -2.40
 227     -13.30      -1.70
 228     -12.70      -2.40
 229     -13.10      -2.50
 230     -13.30      -1.70
 231     -12.80      -2.70
 232     -13.30      -1.70
 233     -13.10      -2.50
 234     -12.70      -2.40
 235     -11.30      -1.70
 236     -13.30      -1.70
 237     -10.10      -1.80
 238      -8.10      -1.70
 239     -13.10      -2.50
 240     -13.10      -2.50
 241     -13.10      -2.50
 242     -13.30      -1.70
 243     -13.10      -2.50
 244     -11.20      -1.70
 245     -12.50      -1.70
 246     -13.30      -1.70
 247     -13.30      -1.70
 248     -13.30      -1.70
 249     -12.50      -1.70
 250     -13.10      -2.50
 251     -11.20      -1.70
 252     -13.10      -2.50
 253     -13.10      -2.50
 254     -13.30      -1.70
 255     -13.10      -2.50
 256     -13.10      -2.50
 257     -13.10      -2.50
 258     -10.50      -2.20
 259     -13.30      -1.70
 260     -11.30      -2.60
 261     -12.70      -2.40
 262     -13.30      -1.70
 263     -12.80      -2.70
 264     -12.70      -2.40
 265     -12.80      -2.70
 266      -9.40      -2.00
 267     -13.30      -1.70
 268     -11.00      -3.00
 269     -13.10      -2.50
 270     -13.30      -1.70
 271     -13.30      -1.70
 272     -13.10      -2.50
 273     -13.30      -1.70
 274     -12.70      -2.40
 275     -13.30      -1.70
 276     -12.50      -1.70
 277     -12.80      -2.70
 278     -12.50      -1.70
 279     -12.70      -2.40
 280     -12.80      -2.70
 281     -12.70      -2.40
 282     -11.90      -2.30
 283     -13.30      -1.70
 284     -13.30      -1.70
 285     -12.80      -2.70
 286     -12.70      -2.40
 287     -13.30      -1.70
 288     -12.70      -2.40
 289     -13.10      -2.50
 290     -13.10      -2.50
 291     -11.20      -1.70
 292     -13.10      -2.50
 293     -12.80      -2.70
 294      -8.50      -0.80
 295     -12.70      -2.40
 296      -8.30      -3.00
 297     -12.80      -2.70
 298     -13.30      -1.70
 299     -12.70      -2.40
 300     -13.10      -2.50
 301     -13.30      -1.70
 302     -11.20      -1.70
 303     -11.30      -2.60
 304     -11.20      -1.70
 305     -13.30      -1.70
 306     -12.50      -1.70
 307     -12.80      -2.70
 308     -13.10      -2.50
 309     -13.30      -1.70
 310     -13.10      -2.50
 311     -13.10      -2.50
 312     -13.10      -2.50
 313     -13.10      -2.50
 314     -11.00      -2.40
 315      -9.10      -1.60
 316     -13.10      -2.50
 317     -13.30      -1.70
 318     -12.70      -2.40
 319     -13.30      -1.70
 320     -13.10      -2.50
 321     -13.10      -2.50
 322     -12.50      -1.70
 323     -11.30      -2.60
 324     -13.30      -1.70
 325     -13.10      -2.50
 326     -12.80      -2.70
 327     -13.10      -2.50
 328     -13.30      -1.70
 329     -12.50      -1.70
 330     -11.30      -2.60
 331     -13.10      -2.50
 332     -12.50      -1.70
 333      -9.50      -1.70
 334     -12.50      -1.70
 335     -13.30      -1.70
 336     -13.10      -2.50
 337     -13.30      -1.70
 338     -12.80      -2.70
 339     -13.30      -1.70
 340     -12.50      -1.70
 341     -12.80      -2.70
 342     -13.10      -2.50
 343     -13.30      -1.70
 344     -12.50      -1.70
 345     -11.90      -2.30
 346     -13.10      -2.50
 347     -13.30      -1.70
 348     -11.00      -2.40
 349     -12.80      -2.70
 350     -13.30      -1.70
 351     -13.30      -1.70
 352     -12.50      -1.70
 353     -13.10      -2.50
 354     -13.10      -2.50
 355     -13.10      -2.50
 356      -8.80      -1.50
 357     -13.30      -1.70
 358     -13.30      -1.70
 359     -11.30      -2.60
 360     -10.60      -1.70
 361     -12.70      -2.40
 362     -13.10      -2.50
 363     -12.70      -2.40
 364     -13.30      -1.70
 365     -13.10      -2.50
 366     -12.80      -2.70
 367     -12.80      -2.70
 368     -12.50      -1.70
 369     -12.50      -1.70
 370     -12.50      -1.70
 371     -11.40      -2.40
 372     -12.80      -2.70
 373     -12.70      -2.40
 374     -12.70      -2.40
 375     -10.80      -1.80
 376     -11.00      -2.40
 377     -13.10      -2.50
 378     -13.30      -1.70
 379     -12.50      -1.70
 380      -9.80      -1.20
 381     -11.90      -2.30
 382     -10.80      -1.70
 383     -12.50      -1.70
 384     -13.10      -2.50
 385     -12.80      -2.70
 386     -12.50      -1.70
 387     -11.00      -2.40
 388     -13.10      -2.50
 389     -11.90      -2.30
 390     -12.50      -1.70
 391     -13.30      -1.70
 392     -13.10      -2.50
 393     -13.30      -1.70
 394     -13.30      -1.70
 395     -12.50      -1.70
 396     -12.50      -1.70
 397     -13.30      -1.70
 398     -12.80      -2.70
 399     -13.30      -1.70
 400     -13.10      -2.50
 401     -13.10      -2.50
 402      -9.20      -2.10
 403     -12.50      -1.70
 404     -12.50      -1.70
 405     -12.80      -2.70
 406     -12.70      -2.40
 407     -13.30      -1.70
 408     -10.80      -1.80
 409     -12.70      -2.40
 410     -12.50      -1.70
 411     -10.70      -2.70
 412     -13.10      -2.50
 413     -12.70      -2.40
 414     -13.30      -1.70
 415     -13.30      -1.70
 416     -13.10      -2.50
 417     -13.10      -2.50
 418     -10.40      -0.50
 419     -11.40      -2.40
 420     -12.80      -2.70
 421     -12.80      -2.70
 422     -13.30      -1.70
 423      -8.60      -2.20
 424     -11.30      -1.70
 425     -12.80      -2.70
 426     -12.70      -2.40
 427     -13.30      -1.70
 428     -12.80      -2.70
 429     -10.20      -1.30
 430     -13.10      -2.50
 431     -12.70      -2.40
 432     -11.00      -3.00
 433     -12.70      -2.40
 434     -13.10      -2.50
 435     -12.70      -2.40
 436     -11.00      -3.00
 437     -13.10      -2.50
 438     -13.30      -1.70
 439     -13.30      -1.70
 440     -12.70      -2.40
 441     -13.10      -2.50
 442     -12.50      -1.70
 443     -10.80      -1.80
 444     -12.80      -2.70
 445     -13.30      -1.70
 446      -8.50      -1.80
 447     -13.10      -2.50
 448     -13.30      -1.70
 449     -13.10      -2.50
 450     -13.30      -1.70
 451     -13.30      -1.70
 452     -10.70      -1.70
 453     -13.30      -1.70
 454     -13.10      -2.50
 455     -13.30      -1.70
 456     -11.30      -2.60
 457     -12.80      -2.70
 458     -12.70      -2.40
 459     -10.80      -1.70
 460     -13.30      -1.70
 461     -13.30      -1.70
 462     -13.30      -1.70
 463     -12.80      -2.70
 464     -13.10      -2.50
 465     -13.30      -1.70
 466     -13.10      -2.50
 467     -11.90      -2.30
 468     -13.30      -1.70
 469     -12.50      -1.70
 470     -11.40      -2.40
 471     -13.10      -2.50
 472     -13.30      -1.70
 473     -12.70      -2.40
 474     -12.80      -2.70
 475     -13.10      -2.50
 476     -12.70      -2.40
 477     -12.70      -2.40
 478     -12.80      -2.70
 479     -13.30      -1.70
 480     -12.80      -2.70
 481     -11.40      -2.40
 482     -12.50      -1.70
 483     -13.30      -1.70
 484     -13.10      -2.50
 485     -13.30      -1.70
 486     -12.50      -1.70
 487     -12.50      -1.70
 488     -13.30      -1.70
 489     -11.90      -2.30
 490     -12.80      -2.70
 491     -12.70      -2.40
 492     -13.30      -1.70
 493     -13.30      -1.70
 494     -13.10      -2.50
 495     -12.70      -2.40
 496     -13.10      -2.50
 497     -12.80      -2.70
 498     -13.30      -1.70
 499     -13.10      -2.50
 500     -13.30      -1.70
 501     -12.70      -2.40
 502     -12.50      -1.70
 503     -12.80      -2.70
 504     -12.80      -2.70
 505     -11.40      -2.40
 506     -13.10      -2.50
 507     -13.10      -2.50
 508     -13.30      -1.70
 509     -13.30      -1.70
 510     -11.90      -2.30
 511      -9.60      -2.20
 512     -12.80      -2.70
 513     -13.30      -1.70
 514     -12.70      -2.40
 515     -12.70      -2.40
 516     -10.80      -1.70
 517     -13.10      -2.50
 518     -13.30      -1.70
 519     -12.80      -2.70
 520     -13.30      -1.70
 521     -13.30      -1.70
 522     -13.30      -1.70
 523     -13.10      -2.50
 524     -13.30      -1.70
 525     -12.50      -1.70
 526     -10.50      -2.40
 527     -12.50      -1.70
 528     -12.70      -2.40
 529     -13.30      -1.70
 530     -13.10      -2.50
 531     -13.10      -2.50
 532     -12.50      -1.70
 533     -13.10      -2.50
 534     -12.50      -1.70
 535     -12.80      -2.70
 536     -13.10      -2.50
 537     -10.50      -2.20
 538     -13.30      -1.70
 539     -11.20      -1.70
 540     -13.30      -1.70
 541     -13.10      -2.50
 542     -11.30      -1.70
 543     -13.10      -2.50
 544     -12.70      -2.40
 545     -13.10      -2.50
 546     -12.80      -2.70
 547     -11.40      -2.40
 548     -12.70      -2.40
 549     -13.30      -1.70
 550     -13.10      -2.50
 551     -12.50      -1.70
 552     -13.30      -1.70
 553     -12.80      -2.70
 554     -12.80      -2.70
 555     -13.30      -1.70
 556     -13.10      -2.50
 557     -11.20      -1.70
 558     -12.80      -2.70
 559     -12.50      -1.70
 560     -12.50      -1.70
 561     -12.80      -2.70
 562     -13.30      -1.70
 563     -13.10      -2.50
 564     -13.10      -2.50
 565     -12.50      -1.70
 566     -12.70      -2.40
 567     -13.10      -2.50
 568     -12.50      -1.70
 569     -13.10      -2.50
 570     -13.10      -2.50
 571      -9.90      -1.20
 572     -13.30      -1.70
 573     -12.70      -2.40
 574     -12.80      -2.70
 575     -12.70      -2.40
 576     -13.10      -2.50
 577     -12.70      -2.40
 578     -12.80      -2.70
 579     -13.30      -1.70
 580     -11.90      -2.30
 581     -13.30      -1.70
 582     -12.80      -2.70
 583     -13.30      -1.70
 584     -13.10      -2.50
 585     -12.70      -2.40
 586     -13.10      -2.50
 587     -13.10      -2.50
 588     -12.70      -2.40
 589     -10.80      -1.80
 590     -12.80      -2.70
 591     -13.10      -2.50
 592     -10.40      -0.50
 593     -11.90      -2.30
 594     -12.50      -1.70
 595     -12.80      -2.70
 596     -13.30      -1.70
 597     -13.30      -1.70
 598     -12.70      -2.40
 599     -12.70      -2.40
 600     -11.30      -1.70
 601     -12.80      -2.70
 602     -13.30      -1.70
 603     -13.30      -1.70
 604     -13.30      -1.70
 605     -12.70      -2.40
 606     -13.30      -1.70
 607     -13.30      -1.70
 608     -12.50      -1.70
 609     -13.30      -1.70
 610     -12.70      -2.40
 611     -13.30      -1.70
 612     -10.70      -2.70
 613     -12.80      -2.70
 614     -12.80      -2.70
 615     -11.00      -3.00
 616     -12.80      -2.70
 617     -12.80      -2.70
 618     -11.90      -2.30
 619     -13.10      -2.50
 620     -13.10      -2.50
 621     -12.80      -2.70
 622     -13.10      -2.50
 623     -12.50      -1.70
 624     -12.70      -2.40
 625     -11.20      -1.70
 626     -13.30      -1.70
 627     -11.30      -2.60
 628     -12.80      -2.70
 629     -12.80      -2.70
 630     -13.10      -2.50
 631     -13.30      -1.70
 632     -12.70      -2.40
 633     -13.30      -1.70
 634     -13.30      -1.70
 635     -12.70      -2.40
 636     -12.70      -2.40
 637     -13.30      -1.70
 638     -13.30      -1.70
 639     -13.30      -1.70
 640     -13.30      -1.70
 641     -12.80      -2.70
 642     -12.50      -1.70
 643     -13.30      -1.70
 644     -12.50      -1.70
 645     -13.30      -1.70
 646     -13.10      -2.50
 647     -12.80      -2.70
 648     -13.10      -2.50
 649     -13.10      -2.50
 650     -13.10      -2.50
 651     -13.30      -1.70
 652     -13.10      -2.50
 653     -13.10      -2.50
 654     -12.50      -1.70
 655     -13.10      -2.50
 656     -13.30      -1.70
 657     -13.10      -2.50
 658     -12.80      -2.70
 659     -11.40      -2.40
 660     -13.10      -2.50
 661     -12.80      -2.70
 662     -13.30      -1.70
 663     -13.30      -1.70
 664     -12.50      -1.70
 665     -13.10      -2.50
 666     -12.70      -2.40
 667     -12.50      -1.70
 668     -12.70      -2.40
 669     -11.00      -3.00
 670     -13.10      -2.50
 671     -12.80      -2.70
 672     -13.10      -2.50
 673      -8.50      -0.80
 674     -12.80      -2.70
 675     -12.80      -2.70
 676     -12.70      -2.40
 677     -13.30      -1.70
 678     -13.30      -1.70
 679     -13.30      -1.70
 680     -12.80      -2.70
 681     -13.30      -1.70
 682     -12.50      -1.70
 683     -11.00      -2.40
 684     -12.70      -2.40
 685     -13.10      -2.50
 686     -12.50      -1.70
 687     -13.10      -2.50
 688     -12.70      -2.40
 689     -12.80      -2.70
 690     -13.30      -1.70
 691     -10.50      -2.40
 692     -13.30      -1.70
 693     -12.70      -2.40
 694     -13.30      -1.70
 695     -12.80      -2.70
 696     -12.80      -2.70
 697     -12.70      -2.40
 698     -12.80      -2.70
 699     -10.20      -1.30
 700     -10.40      -0.50
 701     -13.30      -1.70
 702     -12.80      -2.70
 703      -9.70      -2.30
 704     -13.10      -2.50
 705     -11.40      -2.40
 706     -12.50      -1.70
 707     -12.80      -2.70
 708     -12.50      -1.70
 709     -11.40      -2.40
 710     -12.80      -2.70
 711     -13.30      -1.70
 712     -13.30      -1.70
 713     -12.70      -2.40
 714     -13.30      -1.70
 715     -13.10      -2.50
 716     -13.30      -1.70
 717     -12.50      -1.70
 718     -13.30      -1.70
 719     -13.10      -2.50
 720     -12.80      -2.70
 721     -13.10      -2.50
 722     -12.70      -2.40
 723     -12.70      -2.40
 724     -13.30      -1.70
 725     -12.50      -1.70
 726     -13.30      -1.70
 727     -11.90      -2.30
 728     -13.30      -1.70
 729     -12.50      -1.70
 730     -13.30      -1.70
 731     -13.10      -2.50
 732     -13.10      -2.50
 733     -13.10      -2.50
 734     -13.10      -2.50
 735     -13.30      -1.70
 736     -12.80      -2.70
 737     -12.80      -2.70
 738     -13.30      -1.70
 739     -10.80      -1.80
 740     -13.10      -2.50
 741     -13.30      -1.70
 742     -12.80      -2.70
 743     -13.10      -2.50
 744     -13.10      -2.50
 745     -13.30      -1.70
 746     -11.00      -2.40
 747     -11.90      -2.30
 748     -12.80      -2.70
 749     -12.80      -2.70
 750     -12.50      -1.70
 751     -13.30      -1.70
 752     -13.30      -1.70
 753     -12.80      -2.70
 754     -12.80      -2.70
 755     -13.30      -1.70
 756     -12.70      -2.40
 757     -13.30      -1.70
 758     -10.50      -2.20
 759     -13.30      -1.70
 760     -13.10      -2.50
 761     -13.30      -1.70
 762     -12.50      -1.70
 763     -13.10      -2.50
 764     -12.80      -2.70
 765     -12.80      -2.70
 766     -13.30      -1.70
 767     -11.40      -2.40
 768     -12.80      -2.70
 769     -11.40      -2.40
 770     -13.10      -2.50
 771     -13.10      -2.50
 772     -12.80      -2.70
 773     -13.10      -2.50
 774     -13.30      -1.70
 775     -13.10      -2.50
 776     -12.70      -2.40
 777     -13.30      -1.70
 778     -12.80      -2.70
 779     -13.30      -1.70
 780     -13.30      -1.70
 781     -13.10      -2.50
 782     -13.30      -1.70
 783     -12.80      -2.70
 784     -10.70      -1.70
 785     -12.80      -2.70
 786     -13.10      -2.50
 787     -13.10      -2.50
 788     -13.30      -1.70
 789     -11.90      -2.30
 790     -13.30      -1.70
 791     -13.10      -2.50
 792     -12.50      -1.70
 793     -12.80      -2.70
 794     -12.80      -2.70
 795     -13.10      -2.50
 796     -13.30      -1.70
 797     -12.80      -2.70
 798     -13.30      -1.70
 799     -12.50      -1.70
 800     -13.10      -2.50
 801     -12.70      -2.40
 802     -13.30      -1.70
 803     -12.70      -2.40
 804     -12.70      -2.40
 805     -11.40      -2.40
 806     -11.00      -2.40
 807     -13.10      -2.50
 808     -13.30      -1.70
 809     -13.30      -1.70
 810     -11.00      -3.00
 811     -13.30      -1.70
 812     -12.80      -2.70
 813     -13.30      -1.70
 814     -13.30      -1.70
 815     -13.30      -1.70
 816     -13.30      -1.70
 817      -9.20      -2.10
 818     -11.30      -1.70
 819     -11.40      -2.40
 820     -13.10      -2.50
 821     -13.10      -2.50
 822     -13.30      -1.70
 823     -13.30      -1.70
 824     -13.10      -2.50
 825     -13.30      -1.70
 826     -12.80      -2.70
 827     -12.70      -2.40
 828     -11.30      -1.70
 829     -13.30      -1.70
 830     -12.50      -1.70
 831     -13.10      -2.50
 832     -13.30      -1.70
 833     -10.80      -1.70
 834     -13.30      -1.70
 835     -13.30      -1.70
 836     -12.80      -2.70
 837     -12.70      -2.40
 838     -13.30      -1.70
 839     -13.30      -1.70
 840     -11.30      -1.70
 841      -9.60      -0.50
 842     -12.80      -2.70
 843     -13.10      -2.50
 844     -11.90      -2.30
 845     -10.50      -2.40
 846     -13.30      -1.70
 847     -13.10      -2.50
 848     -13.30      -1.70
 849     -13.10      -2.50
 850     -11.40      -2.40
 851     -12.70      -2.40
 852     -10.70      -1.70
 853     -12.80      -2.70
 854     -13.30      -1.70
 855     -13.30      -1.70
 856     -12.70      -2.40
 857     -13.30      -1.70
 858     -13.10      -2.50
 859     -13.30      -1.70
 860     -13.30      -1.70
 861     -13.30      -1.70
 862     -13.30      -1.70
 863     -12.50      -1.70
 864     -13.30      -1.70
 865     -13.10      -2.50
 866     -13.30      -1.70
 867     -13.30      -1.70
 868     -11.30      -2.60
 869     -13.30      -1.70
 870     -13.30      -1.70
 871     -12.70      -2.40
 872     -10.00      -2.30
 873     -13.10      -2.50
 874     -13.10      -2.50
 875     -11.90      -2.30
 876      -8.90      -2.50
 877     -13.10      -2.50
 878     -13.30      -1.70
 879     -13.30      -1.70
 880     -11.30      -1.70
 881      -8.80      -0.70
 882     -12.80      -2.70
 883     -13.10      -2.50
 884     -13.30      -1.70
 885     -12.50      -1.70
 886     -12.50      -1.70
 887     -13.10      -2.50
 888     -13.30      -1.70
 889     -12.70      -2.40
 890     -12.70      -2.40
 891     -11.40      -2.40
 892     -12.80      -2.70
 893     -12.80      -2.70
 894     -13.30      -1.70
 895     -13.30      -1.70
 896     -13.10      -2.50
 897     -12.70      -2.40
 898     -11.90      -2.30
 899     -12.80      -2.70
 900     -12.50      -1.70
 901     -13.10      -2.50
 902     -13.30      -1.70
 903     -13.10      -2.50
 904     -13.30      -1.70
 905     -13.30      -1.70
 906     -11.30      -2.60
 907     -13.30      -1.70
 908     -12.70      -2.40
 909     -13.10      -2.50
 910      -9.80      -1.20
 911     -12.80      -2.70
 912     -12.70      -2.40
 913     -13.30      -1.70
 914     -12.80      -2.70
 915     -12.70      -2.40
 916     -12.80      -2.70
 917     -12.70      -2.40
 918     -12.80      -2.70
 919     -12.50      -1.70
 920     -12.70      -2.40
 921     -13.30      -1.70
 922      -9.10      -1.60
 923     -13.30      -1.70
 924     -13.10      -2.50
 925     -12.80      -2.70
 926     -12.50      -1.70
 927     -13.10      -2.50
 928     -13.30      -1.70
 929     -13.10      -2.50
 930     -11.30      -2.60
 931     -13.10      -2.50
 932     -13.30      -1.70
 933     -11.30      -1.70
 934     -13.30      -1.70
 935     -13.30      -1.70
 936     -13.10      -2.50
 937     -13.10      -2.50
 938     -13.30      -1.70
 939     -12.70      -2.40
 940     -12.80      -2.70
 941     -12.80      -2.70
 942     -13.10      -2.50
 943     -13.10      -2.50
 944     -10.70      -1.70
 945     -13.30      -1.70
 946     -12.80      -2.70
 947     -12.80      -2.70
 948     -11.90      -2.30
 949      -8.40      -2.50
 950     -12.50      -1.70
 951     -13.30      -1.70
 952     -13.30      -1.70
 953     -11.90      -2.30
 954     -12.80      -2.70
 955     -12.70      -2.40
 956     -12.80      -2.70
 957     -12.50      -1.70
 958     -11.90      -2.30
 959     -11.20      -1.70
 960     -12.80      -2.70
 961     -12.50      -1.70
 962     -13.30      -1.70
 963     -13.30      -1.70
 964     -12.50      -1.70
 965     -12.80      -2.70
 966      -8.80      -1.70
 967     -13.30      -1.70
 968     -13.30      -1.70
 969     -12.70      -2.40
 970     -13.30      -1.70
 971     -13.30      -1.70
 972     -13.30      -1.70
 973     -13.10      -2.50
 974     -12.70      -2.40
 975     -12.80      -2.70
 976     -13.10      -2.50
 977     -13.10      -2.50
 978      -7.60      -2.20
 979     -13.30      -1.70
 980     -12.70      -2.40
 981     -12.80      -2.70
 982     -11.90      -2.30
 983     -12.50      -1.70
 984     -13.30      -1.70
 985     -12.50      -1.70
 986     -13.30      -1.70
 987     -12.80      -2.70
 988     -13.10      -2.50
 989      -6.90      -1.70
 990     -12.80      -2.70
 991     -13.10      -2.50
 992     -12.50      -1.70
 993     -13.30      -1.70
 994     -13.10      -2.50
 995     -13.30      -1.70
 996     -12.80      -2.70
 997     -13.30      -1.70
 998     -13.10      -2.50
 999     -13.30      -1.70
1000     -12.70      -2.40
