    1 G  0.000 0.000 0.000 0.000 0.045 0.045
    2 A  0.000 0.000 0.000 0.000 0.008 0.008
    3 G  0.000 0.000 0.001 0.000 0.004 0.005
    4 G  0.002 0.000 0.000 0.003 0.003 0.008
    5 A  0.032 0.013 0.403 0.546 0.003 0.997
    6 A  0.033 0.013 0.405 0.516 0.003 0.970
    7 G  0.063 0.013 0.403 0.375 0.003 0.857
    8 U  0.068 0.013 0.105 0.250 0.003 0.439
    9 C  0.191 0.017 0.104 0.225 0.002 0.539
   10 C  0.322 0.308 0.105 0.002 0.002 0.739
   11 U  0.529 0.304 0.103 0.000 0.003 0.939
   12 G  0.531 0.304 0.107 0.025 0.021 0.988
   13 A  0.383 0.305 0.111 0.025 0.013 0.837
   14 U  0.369 0.294 0.096 0.034 0.009 0.802
   15 G  0.002 0.294 0.135 0.184 0.009 0.624
   16 A  0.000 0.294 0.135 0.443 0.009 0.881
   17 G  0.000 0.001 0.000 0.001 0.000 0.002
   18 G  0.000 0.000 0.000 0.000 0.000 0.000
   19 C  0.000 0.000 0.000 0.000 0.000 0.000
   20 C  0.000 0.000 0.000 0.000 0.000 0.000
   21 G  1.000 0.000 0.000 0.000 0.000 1.000
   22 A  1.000 0.000 0.000 0.000 0.000 1.000
   23 A  1.000 0.000 0.000 0.000 0.000 1.000
   24 A  1.000 0.000 0.000 0.000 0.000 1.000
   25 G  0.000 0.000 0.000 0.000 0.000 0.000
   26 G  0.000 0.000 0.000 0.000 0.000 0.000
   27 C  0.000 0.001 0.000 0.000 0.000 0.001
   28 C  0.000 0.002 0.000 0.001 0.000 0.003
   29 G  0.000 0.009 0.135 0.547 0.008 0.699
   30 A  0.000 0.010 0.138 0.547 0.008 0.703
   31 A  0.001 0.009 0.407 0.547 0.008 0.972
   32 A  0.001 0.014 0.407 0.550 0.011 0.983
   33 C  0.001 0.013 0.004 0.005 0.011 0.034
   34 C  0.001 0.012 0.004 0.000 0.014 0.031
   35 U  0.000 0.000 0.000 0.000 0.019 0.019
   36 C  0.000 0.000 0.000 0.000 0.029 0.029
   37 G  0.000 0.000 0.001 0.000 0.987 0.988
   38 U  0.000 0.000 0.001 0.000 0.990 0.991
   39 G  0.000 0.000 0.000 0.000 0.999 0.999
   40 U  0.000 0.000 0.000 0.000 1.000 1.000
