    1 G C  0.045 0.008 0.003
    2 A T  0.008 0.004 0.003
    3 G C  0.005 0.003 0.003
    4 G C  0.008 0.007 0.007
    5 A T  0.997 0.967 0.403
    6 A T  0.970 0.827 0.347
    7 G C  0.857 0.434 0.152
    8 U A  0.439 0.382 0.128
    9 C G  0.539 0.314 0.283
   10 C G  0.739 0.709 0.559
   11 U A  0.939 0.937 0.749
   12 G C  0.988 0.832 0.419
   13 A T  0.837 0.788 0.419
   14 U A  0.802 0.435 0.001
   15 G C  0.624 0.622 0.000
   16 A T  0.881 0.002 0.000
   17 G C  0.002 0.000 0.000
   18 G C  0.000 0.000 0.000
   19 C G  0.000 0.000 0.000
   20 C G  0.000 0.000 0.000
   21 G C  1.000 1.000 1.000
   22 A T  1.000 1.000 0.000
   23 A T  1.000 1.000 0.000
   24 A T  1.000 0.000 0.000
   25 G C  0.000 0.000 0.000
   26 G C  0.000 0.000 0.000
   27 C G  0.001 0.001 0.001
   28 C G  0.003 0.003 0.003
   29 G C  0.699 0.698 0.656
   30 A T  0.703 0.675 0.023
   31 A T  0.972 0.957 0.018
   32 A T  0.983 0.032 0.011
   33 C G  0.034 0.026 0.011
   34 C G  0.031 0.014 0.014
   35 U A  0.019 0.019 0.019
   36 C G  0.029 0.029 0.029
   37 G C  0.988 0.987 0.987
   38 U A  0.991 0.990 0.000
   39 G C  0.999 0.999 0.000
   40 U A  1.000 0.000 0.000
